start bezier curve prepare
Finish bezier curve prepare
Start PrepareBinomialandFixedPoint
bigE size:250
bigF size:1500
Batch 0 results:
[-0.892976 0.000000 0.000000 0.000000 0.000000 0.000000 0.000000 0.000000 0.000000 0.000000 0.000000 0.000000 0.000000 0.000000 0.000000 0.000000 0.000000 0.000000 0.000000 0.000000 0.000000 0.000000 0.000000 0.000000 0.000000 0.000000 0.000000 0.000000 0.000000 0.000000 
0.000000 -0.892976 0.000000 0.000000 0.000000 0.000000 0.000000 0.000000 0.000000 0.000000 0.000000 0.000000 0.000000 0.000000 0.000000 0.000000 0.000000 0.000000 0.000000 0.000000 0.000000 0.000000 0.000000 0.000000 0.000000 0.000000 0.000000 0.000000 0.000000 0.000000 
-5.034157 0.000000 0.000000 0.000000 0.000000 0.000000 0.000000 0.000000 0.000000 0.000000 0.000000 0.000000 0.000000 0.000000 0.000000 0.000000 0.000000 0.000000 0.000000 0.000000 0.000000 0.000000 0.000000 0.000000 0.000000 0.000000 0.000000 0.000000 0.000000 0.000000 
0.000000 -5.034157 0.000000 0.000000 0.000000 0.000000 0.000000 0.000000 0.000000 0.000000 0.000000 0.000000 0.000000 0.000000 0.000000 0.000000 0.000000 0.000000 0.000000 0.000000 0.000000 0.000000 0.000000 0.000000 0.000000 0.000000 0.000000 0.000000 0.000000 0.000000 
0.000000 0.000000 1.000000 0.000000 0.000000 0.000000 0.000000 0.000000 0.000000 0.000000 0.000000 0.000000 0.000000 0.000000 0.000000 0.000000 0.000000 0.000000 0.000000 0.000000 0.000000 0.000000 0.000000 0.000000 0.000000 0.000000 0.000000 0.000000 0.000000 0.000000 
-3.476333 0.000000 0.000000 -0.892976 0.000000 0.000000 0.000000 0.000000 0.000000 0.000000 0.000000 0.000000 0.000000 0.000000 0.000000 0.000000 0.000000 0.000000 0.000000 0.000000 0.000000 0.000000 0.000000 0.000000 0.000000 0.000000 0.000000 0.000000 0.000000 0.000000 
0.000000 -3.476333 0.000000 0.000000 -0.892976 0.000000 0.000000 0.000000 0.000000 0.000000 0.000000 0.000000 0.000000 0.000000 0.000000 0.000000 0.000000 0.000000 0.000000 0.000000 0.000000 0.000000 0.000000 0.000000 0.000000 0.000000 0.000000 0.000000 0.000000 0.000000 
-9.529538 0.000000 0.000000 -5.034157 0.000000 0.000000 0.000000 0.000000 0.000000 0.000000 0.000000 0.000000 0.000000 0.000000 0.000000 0.000000 0.000000 0.000000 0.000000 0.000000 0.000000 0.000000 0.000000 0.000000 0.000000 0.000000 0.000000 0.000000 0.000000 0.000000 
0.000000 -9.529538 0.000000 0.000000 -5.034157 0.000000 0.000000 0.000000 0.000000 0.000000 0.000000 0.000000 0.000000 0.000000 0.000000 0.000000 0.000000 0.000000 0.000000 0.000000 0.000000 0.000000 0.000000 0.000000 0.000000 0.000000 0.000000 0.000000 0.000000 0.000000 
0.000000 0.000000 1.000000 0.000000 0.000000 1.000000 0.000000 0.000000 0.000000 0.000000 0.000000 0.000000 0.000000 0.000000 0.000000 0.000000 0.000000 0.000000 0.000000 0.000000 0.000000 0.000000 0.000000 0.000000 0.000000 0.000000 0.000000 0.000000 0.000000 0.000000 
-8.366567 0.000000 0.000000 -3.476333 0.000000 0.000000 -0.892976 0.000000 0.000000 0.000000 0.000000 0.000000 0.000000 0.000000 0.000000 0.000000 0.000000 0.000000 0.000000 0.000000 0.000000 0.000000 0.000000 0.000000 0.000000 0.000000 0.000000 0.000000 0.000000 0.000000 
0.000000 -8.366567 0.000000 0.000000 -3.476333 0.000000 0.000000 -0.892976 0.000000 0.000000 0.000000 0.000000 0.000000 0.000000 0.000000 0.000000 0.000000 0.000000 0.000000 0.000000 0.000000 0.000000 0.000000 0.000000 0.000000 0.000000 0.000000 0.000000 0.000000 0.000000 
-18.039185 0.000000 0.000000 -9.529538 0.000000 0.000000 -5.034157 0.000000 0.000000 0.000000 0.000000 0.000000 0.000000 0.000000 0.000000 0.000000 0.000000 0.000000 0.000000 0.000000 0.000000 0.000000 0.000000 0.000000 0.000000 0.000000 0.000000 0.000000 0.000000 0.000000 
0.000000 -18.039185 0.000000 0.000000 -9.529538 0.000000 0.000000 -5.034157 0.000000 0.000000 0.000000 0.000000 0.000000 0.000000 0.000000 0.000000 0.000000 0.000000 0.000000 0.000000 0.000000 0.000000 0.000000 0.000000 0.000000 0.000000 0.000000 0.000000 0.000000 0.000000 
0.000000 0.000000 1.000000 0.000000 0.000000 1.000000 0.000000 0.000000 1.000000 0.000000 0.000000 0.000000 0.000000 0.000000 0.000000 0.000000 0.000000 0.000000 0.000000 0.000000 0.000000 0.000000 0.000000 0.000000 0.000000 0.000000 0.000000 0.000000 0.000000 0.000000 
-17.623661 0.000000 0.000000 -8.366567 0.000000 0.000000 -3.476333 0.000000 0.000000 -0.892976 0.000000 0.000000 0.000000 0.000000 0.000000 0.000000 0.000000 0.000000 0.000000 0.000000 0.000000 0.000000 0.000000 0.000000 0.000000 0.000000 0.000000 0.000000 0.000000 0.000000 
0.000000 -17.623661 0.000000 0.000000 -8.366567 0.000000 0.000000 -3.476333 0.000000 0.000000 -0.892976 0.000000 0.000000 0.000000 0.000000 0.000000 0.000000 0.000000 0.000000 0.000000 0.000000 0.000000 0.000000 0.000000 0.000000 0.000000 0.000000 0.000000 0.000000 0.000000 
-34.147739 0.000000 0.000000 -18.039185 0.000000 0.000000 -9.529538 0.000000 0.000000 -5.034157 0.000000 0.000000 0.000000 0.000000 0.000000 0.000000 0.000000 0.000000 0.000000 0.000000 0.000000 0.000000 0.000000 0.000000 0.000000 0.000000 0.000000 0.000000 0.000000 0.000000 
0.000000 -34.147739 0.000000 0.000000 -18.039185 0.000000 0.000000 -9.529538 0.000000 0.000000 -5.034157 0.000000 0.000000 0.000000 0.000000 0.000000 0.000000 0.000000 0.000000 0.000000 0.000000 0.000000 0.000000 0.000000 0.000000 0.000000 0.000000 0.000000 0.000000 0.000000 
0.000000 0.000000 1.000000 0.000000 0.000000 1.000000 0.000000 0.000000 1.000000 0.000000 0.000000 1.000000 0.000000 0.000000 0.000000 0.000000 0.000000 0.000000 0.000000 0.000000 0.000000 0.000000 0.000000 0.000000 0.000000 0.000000 0.000000 0.000000 0.000000 0.000000 
-35.147114 0.000000 0.000000 -17.623661 0.000000 0.000000 -8.366567 0.000000 0.000000 -3.476333 0.000000 0.000000 -0.892976 0.000000 0.000000 0.000000 0.000000 0.000000 0.000000 0.000000 0.000000 0.000000 0.000000 0.000000 0.000000 0.000000 0.000000 0.000000 0.000000 0.000000 
0.000000 -35.147114 0.000000 0.000000 -17.623661 0.000000 0.000000 -8.366567 0.000000 0.000000 -3.476333 0.000000 0.000000 -0.892976 0.000000 0.000000 0.000000 0.000000 0.000000 0.000000 0.000000 0.000000 0.000000 0.000000 0.000000 0.000000 0.000000 0.000000 0.000000 0.000000 
-64.640846 0.000000 0.000000 -34.147739 0.000000 0.000000 -18.039185 0.000000 0.000000 -9.529538 0.000000 0.000000 -5.034157 0.000000 0.000000 0.000000 0.000000 0.000000 0.000000 0.000000 0.000000 0.000000 0.000000 0.000000 0.000000 0.000000 0.000000 0.000000 0.000000 0.000000 
0.000000 -64.640846 0.000000 0.000000 -34.147739 0.000000 0.000000 -18.039185 0.000000 0.000000 -9.529538 0.000000 0.000000 -5.034157 0.000000 0.000000 0.000000 0.000000 0.000000 0.000000 0.000000 0.000000 0.000000 0.000000 0.000000 0.000000 0.000000 0.000000 0.000000 0.000000 
0.000000 0.000000 1.000000 0.000000 0.000000 1.000000 0.000000 0.000000 1.000000 0.000000 0.000000 1.000000 0.000000 0.000000 1.000000 0.000000 0.000000 0.000000 0.000000 0.000000 0.000000 0.000000 0.000000 0.000000 0.000000 0.000000 0.000000 0.000000 0.000000 0.000000 
-68.318588 0.000000 0.000000 -35.147114 0.000000 0.000000 -17.623661 0.000000 0.000000 -8.366567 0.000000 0.000000 -3.476333 0.000000 0.000000 -0.892976 0.000000 0.000000 0.000000 0.000000 0.000000 0.000000 0.000000 0.000000 0.000000 0.000000 0.000000 0.000000 0.000000 0.000000 
0.000000 -68.318588 0.000000 0.000000 -35.147114 0.000000 0.000000 -17.623661 0.000000 0.000000 -8.366567 0.000000 0.000000 -3.476333 0.000000 0.000000 -0.892976 0.000000 0.000000 0.000000 0.000000 0.000000 0.000000 0.000000 0.000000 0.000000 0.000000 0.000000 0.000000 0.000000 
-122.363556 0.000000 0.000000 -64.640846 0.000000 0.000000 -34.147739 0.000000 0.000000 -18.039185 0.000000 0.000000 -9.529538 0.000000 0.000000 -5.034157 0.000000 0.000000 0.000000 0.000000 0.000000 0.000000 0.000000 0.000000 0.000000 0.000000 0.000000 0.000000 0.000000 0.000000 
0.000000 -122.363556 0.000000 0.000000 -64.640846 0.000000 0.000000 -34.147739 0.000000 0.000000 -18.039185 0.000000 0.000000 -9.529538 0.000000 0.000000 -5.034157 0.000000 0.000000 0.000000 0.000000 0.000000 0.000000 0.000000 0.000000 0.000000 0.000000 0.000000 0.000000 0.000000 
0.000000 0.000000 1.000000 0.000000 0.000000 1.000000 0.000000 0.000000 1.000000 0.000000 0.000000 1.000000 0.000000 0.000000 1.000000 0.000000 0.000000 1.000000 0.000000 0.000000 0.000000 0.000000 0.000000 0.000000 0.000000 0.000000 0.000000 0.000000 0.000000 0.000000 
-131.111389 0.000000 0.000000 -68.318588 0.000000 0.000000 -35.147114 0.000000 0.000000 -17.623661 0.000000 0.000000 -8.366567 0.000000 0.000000 -3.476333 0.000000 0.000000 -0.892976 0.000000 0.000000 0.000000 0.000000 0.000000 0.000000 0.000000 0.000000 0.000000 0.000000 0.000000 
0.000000 -131.111389 0.000000 0.000000 -68.318588 0.000000 0.000000 -35.147114 0.000000 0.000000 -17.623661 0.000000 0.000000 -8.366567 0.000000 0.000000 -3.476333 0.000000 0.000000 -0.892976 0.000000 0.000000 0.000000 0.000000 0.000000 0.000000 0.000000 0.000000 0.000000 0.000000 
-231.631241 0.000000 0.000000 -122.363556 0.000000 0.000000 -64.640846 0.000000 0.000000 -34.147739 0.000000 0.000000 -18.039185 0.000000 0.000000 -9.529538 0.000000 0.000000 -5.034157 0.000000 0.000000 0.000000 0.000000 0.000000 0.000000 0.000000 0.000000 0.000000 0.000000 0.000000 
0.000000 -231.631241 0.000000 0.000000 -122.363556 0.000000 0.000000 -64.640846 0.000000 0.000000 -34.147739 0.000000 0.000000 -18.039185 0.000000 0.000000 -9.529538 0.000000 0.000000 -5.034157 0.000000 0.000000 0.000000 0.000000 0.000000 0.000000 0.000000 0.000000 0.000000 0.000000 
0.000000 0.000000 1.000000 0.000000 0.000000 1.000000 0.000000 0.000000 1.000000 0.000000 0.000000 1.000000 0.000000 0.000000 1.000000 0.000000 0.000000 1.000000 0.000000 0.000000 1.000000 0.000000 0.000000 0.000000 0.000000 0.000000 0.000000 0.000000 0.000000 0.000000 
-249.976639 0.000000 0.000000 -131.111389 0.000000 0.000000 -68.318588 0.000000 0.000000 -35.147114 0.000000 0.000000 -17.623661 0.000000 0.000000 -8.366567 0.000000 0.000000 -3.476333 0.000000 0.000000 -0.892976 0.000000 0.000000 0.000000 0.000000 0.000000 0.000000 0.000000 0.000000 
0.000000 -249.976639 0.000000 0.000000 -131.111389 0.000000 0.000000 -68.318588 0.000000 0.000000 -35.147114 0.000000 0.000000 -17.623661 0.000000 0.000000 -8.366567 0.000000 0.000000 -3.476333 0.000000 0.000000 -0.892976 0.000000 0.000000 0.000000 0.000000 0.000000 0.000000 0.000000 
-438.472351 0.000000 0.000000 -231.631241 0.000000 0.000000 -122.363556 0.000000 0.000000 -64.640846 0.000000 0.000000 -34.147739 0.000000 0.000000 -18.039185 0.000000 0.000000 -9.529538 0.000000 0.000000 -5.034157 0.000000 0.000000 0.000000 0.000000 0.000000 0.000000 0.000000 0.000000 
0.000000 -438.472351 0.000000 0.000000 -231.631241 0.000000 0.000000 -122.363556 0.000000 0.000000 -64.640846 0.000000 0.000000 -34.147739 0.000000 0.000000 -18.039185 0.000000 0.000000 -9.529538 0.000000 0.000000 -5.034157 0.000000 0.000000 0.000000 0.000000 0.000000 0.000000 0.000000 
0.000000 0.000000 1.000000 0.000000 0.000000 1.000000 0.000000 0.000000 1.000000 0.000000 0.000000 1.000000 0.000000 0.000000 1.000000 0.000000 0.000000 1.000000 0.000000 0.000000 1.000000 0.000000 0.000000 1.000000 0.000000 0.000000 0.000000 0.000000 0.000000 0.000000 
-474.985687 0.000000 0.000000 -249.976639 0.000000 0.000000 -131.111389 0.000000 0.000000 -68.318588 0.000000 0.000000 -35.147114 0.000000 0.000000 -17.623661 0.000000 0.000000 -8.366567 0.000000 0.000000 -3.476333 0.000000 0.000000 -0.892976 0.000000 0.000000 0.000000 0.000000 0.000000 
0.000000 -474.985687 0.000000 0.000000 -249.976639 0.000000 0.000000 -131.111389 0.000000 0.000000 -68.318588 0.000000 0.000000 -35.147114 0.000000 0.000000 -17.623661 0.000000 0.000000 -8.366567 0.000000 0.000000 -3.476333 0.000000 0.000000 -0.892976 0.000000 0.000000 0.000000 0.000000 
-830.017578 0.000000 0.000000 -438.472351 0.000000 0.000000 -231.631241 0.000000 0.000000 -122.363556 0.000000 0.000000 -64.640846 0.000000 0.000000 -34.147739 0.000000 0.000000 -18.039185 0.000000 0.000000 -9.529538 0.000000 0.000000 -5.034157 0.000000 0.000000 0.000000 0.000000 0.000000 
0.000000 -830.017578 0.000000 0.000000 -438.472351 0.000000 0.000000 -231.631241 0.000000 0.000000 -122.363556 0.000000 0.000000 -64.640846 0.000000 0.000000 -34.147739 0.000000 0.000000 -18.039185 0.000000 0.000000 -9.529538 0.000000 0.000000 -5.034157 0.000000 0.000000 0.000000 0.000000 
0.000000 0.000000 1.000000 0.000000 0.000000 1.000000 0.000000 0.000000 1.000000 0.000000 0.000000 1.000000 0.000000 0.000000 1.000000 0.000000 0.000000 1.000000 0.000000 0.000000 1.000000 0.000000 0.000000 1.000000 0.000000 0.000000 1.000000 0.000000 0.000000 0.000000 
-900.922363 0.000000 0.000000 -474.985687 0.000000 0.000000 -249.976639 0.000000 0.000000 -131.111389 0.000000 0.000000 -68.318588 0.000000 0.000000 -35.147114 0.000000 0.000000 -17.623661 0.000000 0.000000 -8.366567 0.000000 0.000000 -3.476333 0.000000 0.000000 -0.892976 0.000000 0.000000 
0.000000 -900.922363 0.000000 0.000000 -474.985687 0.000000 0.000000 -249.976639 0.000000 0.000000 -131.111389 0.000000 0.000000 -68.318588 0.000000 0.000000 -35.147114 0.000000 0.000000 -17.623661 0.000000 0.000000 -8.366567 0.000000 0.000000 -3.476333 0.000000 0.000000 -0.892976 0.000000 
-1571.203247 0.000000 0.000000 -830.017578 0.000000 0.000000 -438.472351 0.000000 0.000000 -231.631241 0.000000 0.000000 -122.363556 0.000000 0.000000 -64.640846 0.000000 0.000000 -34.147739 0.000000 0.000000 -18.039185 0.000000 0.000000 -9.529538 0.000000 0.000000 -5.034157 0.000000 0.000000 
0.000000 -1571.203247 0.000000 0.000000 -830.017578 0.000000 0.000000 -438.472351 0.000000 0.000000 -231.631241 0.000000 0.000000 -122.363556 0.000000 0.000000 -64.640846 0.000000 0.000000 -34.147739 0.000000 0.000000 -18.039185 0.000000 0.000000 -9.529538 0.000000 0.000000 -5.034157 0.000000 
0.000000 0.000000 1.000000 0.000000 0.000000 1.000000 0.000000 0.000000 1.000000 0.000000 0.000000 1.000000 0.000000 0.000000 1.000000 0.000000 0.000000 1.000000 0.000000 0.000000 1.000000 0.000000 0.000000 1.000000 0.000000 0.000000 1.000000 0.000000 0.000000 1.000000 
]
Debug flags enabled, copying memory
bigE:
[1.000000 0.000000 0.513166 0.000000 0.000000 
0.000000 1.000000 0.000000 0.513166 0.000000 
0.000000 0.000000 1.892976 0.000000 0.000000 
0.000000 0.000000 0.000000 1.892976 0.000000 
0.000000 0.000000 0.000000 0.000000 1.000000 
1.000000 0.000000 1.484576 0.000000 0.000000 
0.000000 1.000000 0.000000 1.484576 0.000000 
0.000000 0.000000 3.583357 0.000000 0.000000 
0.000000 0.000000 0.000000 3.583357 0.000000 
0.000000 0.000000 0.000000 0.000000 1.000000 
1.000000 0.000000 3.323433 0.000000 0.000000 
0.000000 1.000000 0.000000 3.323433 0.000000 
0.000000 0.000000 6.783209 0.000000 0.000000 
0.000000 0.000000 0.000000 6.783209 0.000000 
0.000000 0.000000 0.000000 0.000000 1.000000 
1.000000 0.000000 6.804344 0.000000 0.000000 
0.000000 1.000000 0.000000 6.804344 0.000000 
0.000000 0.000000 12.840450 0.000000 0.000000 
0.000000 0.000000 0.000000 12.840450 0.000000 
0.000000 0.000000 0.000000 0.000000 1.000000 
1.000000 0.000000 13.393624 0.000000 0.000000 
0.000000 1.000000 0.000000 13.393624 0.000000 
0.000000 0.000000 24.306662 0.000000 0.000000 
0.000000 0.000000 0.000000 24.306662 0.000000 
0.000000 0.000000 0.000000 0.000000 1.000000 
1.000000 0.000000 25.866974 0.000000 0.000000 
0.000000 1.000000 0.000000 25.866974 0.000000 
0.000000 0.000000 46.011921 0.000000 0.000000 
0.000000 0.000000 0.000000 46.011921 0.000000 
0.000000 0.000000 0.000000 0.000000 1.000000 
1.000000 0.000000 49.478722 0.000000 0.000000 
0.000000 1.000000 0.000000 49.478722 0.000000 
0.000000 0.000000 87.099457 0.000000 0.000000 
0.000000 0.000000 0.000000 87.099457 0.000000 
0.000000 0.000000 0.000000 0.000000 1.000000 
1.000000 0.000000 94.175186 0.000000 0.000000 
0.000000 1.000000 0.000000 94.175186 0.000000 
0.000000 0.000000 164.877167 0.000000 0.000000 
0.000000 0.000000 0.000000 164.877167 0.000000 
0.000000 0.000000 0.000000 0.000000 1.000000 
1.000000 0.000000 178.784515 0.000000 0.000000 
0.000000 1.000000 0.000000 178.784515 0.000000 
0.000000 0.000000 312.108490 0.000000 0.000000 
0.000000 0.000000 0.000000 312.108490 0.000000 
0.000000 0.000000 0.000000 0.000000 1.000000 
1.000000 0.000000 338.947937 0.000000 0.000000 
0.000000 1.000000 0.000000 338.947937 0.000000 
0.000000 0.000000 590.813843 0.000000 0.000000 
0.000000 0.000000 0.000000 590.813843 0.000000 
0.000000 0.000000 0.000000 0.000000 1.000000 
]
bigF:
[-0.892976 0.000000 0.000000 0.000000 0.000000 0.000000 0.000000 0.000000 0.000000 0.000000 0.000000 0.000000 0.000000 0.000000 0.000000 0.000000 0.000000 0.000000 0.000000 0.000000 0.000000 0.000000 0.000000 0.000000 0.000000 0.000000 0.000000 0.000000 0.000000 0.000000 
0.000000 -0.892976 0.000000 0.000000 0.000000 0.000000 0.000000 0.000000 0.000000 0.000000 0.000000 0.000000 0.000000 0.000000 0.000000 0.000000 0.000000 0.000000 0.000000 0.000000 0.000000 0.000000 0.000000 0.000000 0.000000 0.000000 0.000000 0.000000 0.000000 0.000000 
-5.034157 0.000000 0.000000 0.000000 0.000000 0.000000 0.000000 0.000000 0.000000 0.000000 0.000000 0.000000 0.000000 0.000000 0.000000 0.000000 0.000000 0.000000 0.000000 0.000000 0.000000 0.000000 0.000000 0.000000 0.000000 0.000000 0.000000 0.000000 0.000000 0.000000 
0.000000 -5.034157 0.000000 0.000000 0.000000 0.000000 0.000000 0.000000 0.000000 0.000000 0.000000 0.000000 0.000000 0.000000 0.000000 0.000000 0.000000 0.000000 0.000000 0.000000 0.000000 0.000000 0.000000 0.000000 0.000000 0.000000 0.000000 0.000000 0.000000 0.000000 
0.000000 0.000000 1.000000 0.000000 0.000000 0.000000 0.000000 0.000000 0.000000 0.000000 0.000000 0.000000 0.000000 0.000000 0.000000 0.000000 0.000000 0.000000 0.000000 0.000000 0.000000 0.000000 0.000000 0.000000 0.000000 0.000000 0.000000 0.000000 0.000000 0.000000 
-3.476333 0.000000 0.000000 -0.892976 0.000000 0.000000 0.000000 0.000000 0.000000 0.000000 0.000000 0.000000 0.000000 0.000000 0.000000 0.000000 0.000000 0.000000 0.000000 0.000000 0.000000 0.000000 0.000000 0.000000 0.000000 0.000000 0.000000 0.000000 0.000000 0.000000 
0.000000 -3.476333 0.000000 0.000000 -0.892976 0.000000 0.000000 0.000000 0.000000 0.000000 0.000000 0.000000 0.000000 0.000000 0.000000 0.000000 0.000000 0.000000 0.000000 0.000000 0.000000 0.000000 0.000000 0.000000 0.000000 0.000000 0.000000 0.000000 0.000000 0.000000 
-9.529538 0.000000 0.000000 -5.034157 0.000000 0.000000 0.000000 0.000000 0.000000 0.000000 0.000000 0.000000 0.000000 0.000000 0.000000 0.000000 0.000000 0.000000 0.000000 0.000000 0.000000 0.000000 0.000000 0.000000 0.000000 0.000000 0.000000 0.000000 0.000000 0.000000 
0.000000 -9.529538 0.000000 0.000000 -5.034157 0.000000 0.000000 0.000000 0.000000 0.000000 0.000000 0.000000 0.000000 0.000000 0.000000 0.000000 0.000000 0.000000 0.000000 0.000000 0.000000 0.000000 0.000000 0.000000 0.000000 0.000000 0.000000 0.000000 0.000000 0.000000 
0.000000 0.000000 1.000000 0.000000 0.000000 1.000000 0.000000 0.000000 0.000000 0.000000 0.000000 0.000000 0.000000 0.000000 0.000000 0.000000 0.000000 0.000000 0.000000 0.000000 0.000000 0.000000 0.000000 0.000000 0.000000 0.000000 0.000000 0.000000 0.000000 0.000000 
-8.366567 0.000000 0.000000 -3.476333 0.000000 0.000000 -0.892976 0.000000 0.000000 0.000000 0.000000 0.000000 0.000000 0.000000 0.000000 0.000000 0.000000 0.000000 0.000000 0.000000 0.000000 0.000000 0.000000 0.000000 0.000000 0.000000 0.000000 0.000000 0.000000 0.000000 
0.000000 -8.366567 0.000000 0.000000 -3.476333 0.000000 0.000000 -0.892976 0.000000 0.000000 0.000000 0.000000 0.000000 0.000000 0.000000 0.000000 0.000000 0.000000 0.000000 0.000000 0.000000 0.000000 0.000000 0.000000 0.000000 0.000000 0.000000 0.000000 0.000000 0.000000 
-18.039185 0.000000 0.000000 -9.529538 0.000000 0.000000 -5.034157 0.000000 0.000000 0.000000 0.000000 0.000000 0.000000 0.000000 0.000000 0.000000 0.000000 0.000000 0.000000 0.000000 0.000000 0.000000 0.000000 0.000000 0.000000 0.000000 0.000000 0.000000 0.000000 0.000000 
0.000000 -18.039185 0.000000 0.000000 -9.529538 0.000000 0.000000 -5.034157 0.000000 0.000000 0.000000 0.000000 0.000000 0.000000 0.000000 0.000000 0.000000 0.000000 0.000000 0.000000 0.000000 0.000000 0.000000 0.000000 0.000000 0.000000 0.000000 0.000000 0.000000 0.000000 
0.000000 0.000000 1.000000 0.000000 0.000000 1.000000 0.000000 0.000000 1.000000 0.000000 0.000000 0.000000 0.000000 0.000000 0.000000 0.000000 0.000000 0.000000 0.000000 0.000000 0.000000 0.000000 0.000000 0.000000 0.000000 0.000000 0.000000 0.000000 0.000000 0.000000 
-17.623661 0.000000 0.000000 -8.366567 0.000000 0.000000 -3.476333 0.000000 0.000000 -0.892976 0.000000 0.000000 0.000000 0.000000 0.000000 0.000000 0.000000 0.000000 0.000000 0.000000 0.000000 0.000000 0.000000 0.000000 0.000000 0.000000 0.000000 0.000000 0.000000 0.000000 
0.000000 -17.623661 0.000000 0.000000 -8.366567 0.000000 0.000000 -3.476333 0.000000 0.000000 -0.892976 0.000000 0.000000 0.000000 0.000000 0.000000 0.000000 0.000000 0.000000 0.000000 0.000000 0.000000 0.000000 0.000000 0.000000 0.000000 0.000000 0.000000 0.000000 0.000000 
-34.147739 0.000000 0.000000 -18.039185 0.000000 0.000000 -9.529538 0.000000 0.000000 -5.034157 0.000000 0.000000 0.000000 0.000000 0.000000 0.000000 0.000000 0.000000 0.000000 0.000000 0.000000 0.000000 0.000000 0.000000 0.000000 0.000000 0.000000 0.000000 0.000000 0.000000 
0.000000 -34.147739 0.000000 0.000000 -18.039185 0.000000 0.000000 -9.529538 0.000000 0.000000 -5.034157 0.000000 0.000000 0.000000 0.000000 0.000000 0.000000 0.000000 0.000000 0.000000 0.000000 0.000000 0.000000 0.000000 0.000000 0.000000 0.000000 0.000000 0.000000 0.000000 
0.000000 0.000000 1.000000 0.000000 0.000000 1.000000 0.000000 0.000000 1.000000 0.000000 0.000000 1.000000 0.000000 0.000000 0.000000 0.000000 0.000000 0.000000 0.000000 0.000000 0.000000 0.000000 0.000000 0.000000 0.000000 0.000000 0.000000 0.000000 0.000000 0.000000 
-35.147114 0.000000 0.000000 -17.623661 0.000000 0.000000 -8.366567 0.000000 0.000000 -3.476333 0.000000 0.000000 -0.892976 0.000000 0.000000 0.000000 0.000000 0.000000 0.000000 0.000000 0.000000 0.000000 0.000000 0.000000 0.000000 0.000000 0.000000 0.000000 0.000000 0.000000 
0.000000 -35.147114 0.000000 0.000000 -17.623661 0.000000 0.000000 -8.366567 0.000000 0.000000 -3.476333 0.000000 0.000000 -0.892976 0.000000 0.000000 0.000000 0.000000 0.000000 0.000000 0.000000 0.000000 0.000000 0.000000 0.000000 0.000000 0.000000 0.000000 0.000000 0.000000 
-64.640846 0.000000 0.000000 -34.147739 0.000000 0.000000 -18.039185 0.000000 0.000000 -9.529538 0.000000 0.000000 -5.034157 0.000000 0.000000 0.000000 0.000000 0.000000 0.000000 0.000000 0.000000 0.000000 0.000000 0.000000 0.000000 0.000000 0.000000 0.000000 0.000000 0.000000 
0.000000 -64.640846 0.000000 0.000000 -34.147739 0.000000 0.000000 -18.039185 0.000000 0.000000 -9.529538 0.000000 0.000000 -5.034157 0.000000 0.000000 0.000000 0.000000 0.000000 0.000000 0.000000 0.000000 0.000000 0.000000 0.000000 0.000000 0.000000 0.000000 0.000000 0.000000 
0.000000 0.000000 1.000000 0.000000 0.000000 1.000000 0.000000 0.000000 1.000000 0.000000 0.000000 1.000000 0.000000 0.000000 1.000000 0.000000 0.000000 0.000000 0.000000 0.000000 0.000000 0.000000 0.000000 0.000000 0.000000 0.000000 0.000000 0.000000 0.000000 0.000000 
-68.318588 0.000000 0.000000 -35.147114 0.000000 0.000000 -17.623661 0.000000 0.000000 -8.366567 0.000000 0.000000 -3.476333 0.000000 0.000000 -0.892976 0.000000 0.000000 0.000000 0.000000 0.000000 0.000000 0.000000 0.000000 0.000000 0.000000 0.000000 0.000000 0.000000 0.000000 
0.000000 -68.318588 0.000000 0.000000 -35.147114 0.000000 0.000000 -17.623661 0.000000 0.000000 -8.366567 0.000000 0.000000 -3.476333 0.000000 0.000000 -0.892976 0.000000 0.000000 0.000000 0.000000 0.000000 0.000000 0.000000 0.000000 0.000000 0.000000 0.000000 0.000000 0.000000 
-122.363556 0.000000 0.000000 -64.640846 0.000000 0.000000 -34.147739 0.000000 0.000000 -18.039185 0.000000 0.000000 -9.529538 0.000000 0.000000 -5.034157 0.000000 0.000000 0.000000 0.000000 0.000000 0.000000 0.000000 0.000000 0.000000 0.000000 0.000000 0.000000 0.000000 0.000000 
0.000000 -122.363556 0.000000 0.000000 -64.640846 0.000000 0.000000 -34.147739 0.000000 0.000000 -18.039185 0.000000 0.000000 -9.529538 0.000000 0.000000 -5.034157 0.000000 0.000000 0.000000 0.000000 0.000000 0.000000 0.000000 0.000000 0.000000 0.000000 0.000000 0.000000 0.000000 
0.000000 0.000000 1.000000 0.000000 0.000000 1.000000 0.000000 0.000000 1.000000 0.000000 0.000000 1.000000 0.000000 0.000000 1.000000 0.000000 0.000000 1.000000 0.000000 0.000000 0.000000 0.000000 0.000000 0.000000 0.000000 0.000000 0.000000 0.000000 0.000000 0.000000 
-131.111389 0.000000 0.000000 -68.318588 0.000000 0.000000 -35.147114 0.000000 0.000000 -17.623661 0.000000 0.000000 -8.366567 0.000000 0.000000 -3.476333 0.000000 0.000000 -0.892976 0.000000 0.000000 0.000000 0.000000 0.000000 0.000000 0.000000 0.000000 0.000000 0.000000 0.000000 
0.000000 -131.111389 0.000000 0.000000 -68.318588 0.000000 0.000000 -35.147114 0.000000 0.000000 -17.623661 0.000000 0.000000 -8.366567 0.000000 0.000000 -3.476333 0.000000 0.000000 -0.892976 0.000000 0.000000 0.000000 0.000000 0.000000 0.000000 0.000000 0.000000 0.000000 0.000000 
-231.631241 0.000000 0.000000 -122.363556 0.000000 0.000000 -64.640846 0.000000 0.000000 -34.147739 0.000000 0.000000 -18.039185 0.000000 0.000000 -9.529538 0.000000 0.000000 -5.034157 0.000000 0.000000 0.000000 0.000000 0.000000 0.000000 0.000000 0.000000 0.000000 0.000000 0.000000 
0.000000 -231.631241 0.000000 0.000000 -122.363556 0.000000 0.000000 -64.640846 0.000000 0.000000 -34.147739 0.000000 0.000000 -18.039185 0.000000 0.000000 -9.529538 0.000000 0.000000 -5.034157 0.000000 0.000000 0.000000 0.000000 0.000000 0.000000 0.000000 0.000000 0.000000 0.000000 
0.000000 0.000000 1.000000 0.000000 0.000000 1.000000 0.000000 0.000000 1.000000 0.000000 0.000000 1.000000 0.000000 0.000000 1.000000 0.000000 0.000000 1.000000 0.000000 0.000000 1.000000 0.000000 0.000000 0.000000 0.000000 0.000000 0.000000 0.000000 0.000000 0.000000 
-249.976639 0.000000 0.000000 -131.111389 0.000000 0.000000 -68.318588 0.000000 0.000000 -35.147114 0.000000 0.000000 -17.623661 0.000000 0.000000 -8.366567 0.000000 0.000000 -3.476333 0.000000 0.000000 -0.892976 0.000000 0.000000 0.000000 0.000000 0.000000 0.000000 0.000000 0.000000 
0.000000 -249.976639 0.000000 0.000000 -131.111389 0.000000 0.000000 -68.318588 0.000000 0.000000 -35.147114 0.000000 0.000000 -17.623661 0.000000 0.000000 -8.366567 0.000000 0.000000 -3.476333 0.000000 0.000000 -0.892976 0.000000 0.000000 0.000000 0.000000 0.000000 0.000000 0.000000 
-438.472351 0.000000 0.000000 -231.631241 0.000000 0.000000 -122.363556 0.000000 0.000000 -64.640846 0.000000 0.000000 -34.147739 0.000000 0.000000 -18.039185 0.000000 0.000000 -9.529538 0.000000 0.000000 -5.034157 0.000000 0.000000 0.000000 0.000000 0.000000 0.000000 0.000000 0.000000 
0.000000 -438.472351 0.000000 0.000000 -231.631241 0.000000 0.000000 -122.363556 0.000000 0.000000 -64.640846 0.000000 0.000000 -34.147739 0.000000 0.000000 -18.039185 0.000000 0.000000 -9.529538 0.000000 0.000000 -5.034157 0.000000 0.000000 0.000000 0.000000 0.000000 0.000000 0.000000 
0.000000 0.000000 1.000000 0.000000 0.000000 1.000000 0.000000 0.000000 1.000000 0.000000 0.000000 1.000000 0.000000 0.000000 1.000000 0.000000 0.000000 1.000000 0.000000 0.000000 1.000000 0.000000 0.000000 1.000000 0.000000 0.000000 0.000000 0.000000 0.000000 0.000000 
-474.985687 0.000000 0.000000 -249.976639 0.000000 0.000000 -131.111389 0.000000 0.000000 -68.318588 0.000000 0.000000 -35.147114 0.000000 0.000000 -17.623661 0.000000 0.000000 -8.366567 0.000000 0.000000 -3.476333 0.000000 0.000000 -0.892976 0.000000 0.000000 0.000000 0.000000 0.000000 
0.000000 -474.985687 0.000000 0.000000 -249.976639 0.000000 0.000000 -131.111389 0.000000 0.000000 -68.318588 0.000000 0.000000 -35.147114 0.000000 0.000000 -17.623661 0.000000 0.000000 -8.366567 0.000000 0.000000 -3.476333 0.000000 0.000000 -0.892976 0.000000 0.000000 0.000000 0.000000 
-830.017578 0.000000 0.000000 -438.472351 0.000000 0.000000 -231.631241 0.000000 0.000000 -122.363556 0.000000 0.000000 -64.640846 0.000000 0.000000 -34.147739 0.000000 0.000000 -18.039185 0.000000 0.000000 -9.529538 0.000000 0.000000 -5.034157 0.000000 0.000000 0.000000 0.000000 0.000000 
0.000000 -830.017578 0.000000 0.000000 -438.472351 0.000000 0.000000 -231.631241 0.000000 0.000000 -122.363556 0.000000 0.000000 -64.640846 0.000000 0.000000 -34.147739 0.000000 0.000000 -18.039185 0.000000 0.000000 -9.529538 0.000000 0.000000 -5.034157 0.000000 0.000000 0.000000 0.000000 
0.000000 0.000000 1.000000 0.000000 0.000000 1.000000 0.000000 0.000000 1.000000 0.000000 0.000000 1.000000 0.000000 0.000000 1.000000 0.000000 0.000000 1.000000 0.000000 0.000000 1.000000 0.000000 0.000000 1.000000 0.000000 0.000000 1.000000 0.000000 0.000000 0.000000 
-900.922363 0.000000 0.000000 -474.985687 0.000000 0.000000 -249.976639 0.000000 0.000000 -131.111389 0.000000 0.000000 -68.318588 0.000000 0.000000 -35.147114 0.000000 0.000000 -17.623661 0.000000 0.000000 -8.366567 0.000000 0.000000 -3.476333 0.000000 0.000000 -0.892976 0.000000 0.000000 
0.000000 -900.922363 0.000000 0.000000 -474.985687 0.000000 0.000000 -249.976639 0.000000 0.000000 -131.111389 0.000000 0.000000 -68.318588 0.000000 0.000000 -35.147114 0.000000 0.000000 -17.623661 0.000000 0.000000 -8.366567 0.000000 0.000000 -3.476333 0.000000 0.000000 -0.892976 0.000000 
-1571.203247 0.000000 0.000000 -830.017578 0.000000 0.000000 -438.472351 0.000000 0.000000 -231.631241 0.000000 0.000000 -122.363556 0.000000 0.000000 -64.640846 0.000000 0.000000 -34.147739 0.000000 0.000000 -18.039185 0.000000 0.000000 -9.529538 0.000000 0.000000 -5.034157 0.000000 0.000000 
0.000000 -1571.203247 0.000000 0.000000 -830.017578 0.000000 0.000000 -438.472351 0.000000 0.000000 -231.631241 0.000000 0.000000 -122.363556 0.000000 0.000000 -64.640846 0.000000 0.000000 -34.147739 0.000000 0.000000 -18.039185 0.000000 0.000000 -9.529538 0.000000 0.000000 -5.034157 0.000000 
0.000000 0.000000 1.000000 0.000000 0.000000 1.000000 0.000000 0.000000 1.000000 0.000000 0.000000 1.000000 0.000000 0.000000 1.000000 0.000000 0.000000 1.000000 0.000000 0.000000 1.000000 0.000000 0.000000 1.000000 0.000000 0.000000 1.000000 0.000000 0.000000 1.000000 
]
Point 0 and its' value (0.293574, 0.291256) pointer form:(0.293574, 0.291256)
Point 1 and its' value (0.291585, 0.288298) pointer form:(0.291585, 0.288298)
Point 2 and its' value (1.205139, 2.657446) pointer form:(2.220658, 2.906889)
Point 3 and its' value (2.922912, 2.865148) pointer form:(2.762981, 2.775422)
Point 4 and its' value (0.376733, 0.773112) pointer form:(0.117061, 1.339050)
Point 5 and its' value (1.333333, 2.800000) pointer form:(1.333333, 2.800000)
Point 6 and its' value (1.500000, 2.800000) pointer form:(1.500000, 2.800000)
Batch 0 results:
[0.518370 0.585255 3.901861 5.020326 0.845929 0.967649 1.156522 4.637585 5.882935 0.874081 1.375974 1.688110 3.280005 4.520342 0.886917 1.594215 2.038698 1.036706 2.486008 0.907142 1.591695 2.200290 -0.964606 0.884318 0.944536 1.438071 2.250700 -1.878772 0.318334 1.002233 1.264941 2.300803 -1.345858 0.837540 1.068120 1.207192 2.436567 0.306157 1.885578 1.110797 1.324073 2.655854 1.858718 2.247999 1.108310 1.500000 2.800000 1.000000 0.000000 1.078987 ]
Batch 1 results:
[0.370788 0.379841 1.503895 1.489687 0.797457 0.578187 0.548918 2.542645 1.775088 0.759436 0.857065 0.724499 2.920270 1.737279 0.701774 1.140340 0.903514 2.645843 1.902623 0.670040 1.369647 1.118610 1.877310 2.465863 0.684849 1.508018 1.407027 0.877276 3.330974 0.750767 1.548135 1.783567 -0.031239 4.152002 0.855945 1.516159 2.217644 -0.509025 4.373921 0.971107 1.471141 2.614414 -0.244911 3.273468 1.058252 1.500000 2.800000 1.000000 0.000000 1.078987 ]
Batch 2 results:
[0.468616 0.501375 3.026260 3.297431 0.819159 0.821829 0.830076 3.744300 2.939998 0.790391 1.174121 1.061027 3.152793 1.688876 0.734843 1.433760 1.188583 1.994861 1.025865 0.692174 1.571591 1.302173 0.785562 1.417620 0.691921 1.600207 1.498884 -0.148667 2.597631 0.752715 1.557056 1.824239 -0.630589 3.848196 0.864252 1.491493 2.241186 -0.592730 4.282412 0.983607 1.455775 2.627267 -0.037946 3.126142 1.064809 1.500000 2.800000 1.000000 0.000000 1.078987 ]
Batch 3 results:
[0.385445 0.487876 1.808876 3.142426 0.902154 0.633850 0.813065 3.006566 3.056908 0.908630 0.952862 1.071764 3.203356 2.109414 0.844058 1.244201 1.249479 2.500618 1.568957 0.787515 1.436333 1.413223 1.302507 1.837917 0.777288 1.505931 1.637249 0.139603 2.700115 0.827152 1.481700 1.953600 -0.507458 3.568878 0.921912 1.430560 2.327467 -0.384348 3.735119 1.019680 1.426201 2.657344 0.360596 2.615397 1.078220 1.500000 2.800000 1.000000 0.000000 1.078987 ]
Batch 4 results:
[0.314848 0.434811 0.428482 2.553690 0.944077 0.380348 0.747394 0.893795 3.484324 1.100055 0.495634 1.099809 1.415265 3.455001 1.147399 0.661733 1.425309 1.884853 3.028021 1.136136 0.865376 1.706012 2.138510 2.612737 1.101365 1.077556 1.955893 2.039469 2.431174 1.067241 1.260424 2.200331 1.561530 2.483630 1.050591 1.382513 2.452215 0.872357 2.514287 1.057434 1.442281 2.684613 0.416763 1.976819 1.077802 1.500000 2.800000 1.000000 0.000000 1.078987 ]
Batch 5 results:
[0.470161 0.403597 3.162191 1.806812 0.709364 0.856318 0.589484 4.252277 1.721541 0.602894 1.268431 0.730567 3.780533 1.100486 0.522556 1.581490 0.822403 2.381424 0.848625 0.479534 1.735707 0.927815 0.709656 1.407160 0.490901 1.733945 1.130776 -0.651822 2.758803 0.577878 1.629942 1.490827 -1.283834 4.433072 0.740851 1.507327 1.998023 -1.022979 5.511581 0.924479 1.449451 2.528404 -0.053642 4.633330 1.050265 1.500000 2.800000 1.000000 0.000000 1.078987 ]
Batch 6 results:
[0.366381 0.354674 1.418667 1.479282 0.769163 0.562770 0.600662 2.419004 3.407691 0.817955 0.830310 1.016256 2.828203 4.757254 0.885758 1.108228 1.518490 2.636108 5.112927 0.940334 1.341231 2.006348 1.958363 4.503547 0.981530 1.490846 2.397588 1.011508 3.250551 1.014494 1.544256 2.650440 0.088062 1.816690 1.043238 1.520662 2.770169 -0.468381 0.654732 1.068766 1.475137 2.800514 -0.288070 0.056185 1.085988 1.500000 2.800000 1.000000 0.000000 1.078987 ]
Batch 7 results:
[0.328434 0.557448 0.704044 4.567520 1.038376 0.433082 1.079006 1.377654 5.377657 1.189109 0.600040 1.562928 1.932076 4.079398 1.204228 0.811490 1.873677 2.246698 2.133656 1.162085 1.037704 2.006099 2.213357 0.665598 1.093425 1.241108 2.045364 1.792589 0.334733 1.025399 1.385956 2.113890 1.069867 1.204995 0.990465 1.453641 2.305299 0.311855 2.614826 1.008205 1.463627 2.605370 0.022642 3.047257 1.058959 1.500000 2.800000 1.000000 0.000000 1.078987 ]
Batch 8 results:
[0.483955 0.353481 3.426460 1.144967 0.630840 0.904944 0.495734 4.657411 1.587160 0.501158 1.357462 0.653664 4.155324 1.519697 0.448766 1.700206 0.797503 2.581372 1.387827 0.438593 1.862337 0.944846 0.663697 1.658045 0.469506 1.844190 1.152119 -0.922364 2.604962 0.558404 1.706001 1.484734 -1.674067 4.098159 0.716162 1.544659 1.965931 -1.381050 5.389055 0.904827 1.458480 2.504300 -0.245111 4.897773 1.043426 1.500000 2.800000 1.000000 0.000000 1.078987 ]
Batch 9 results:
[0.382365 0.453216 1.531934 2.909443 0.869988 0.563571 0.808987 1.970787 3.924509 0.962330 0.760839 1.192515 1.928998 3.577687 1.002895 0.944269 1.503687 1.727241 2.605551 1.010064 1.104839 1.717366 1.478325 1.739074 0.999122 1.238407 1.873237 1.183036 1.511697 0.986654 1.339299 2.046454 0.825974 2.067394 0.991300 1.403489 2.299097 0.471394 2.968733 1.022727 1.441351 2.612436 0.359043 3.004948 1.066628 1.500000 2.800000 1.000000 0.000000 1.078987 ]
Batch 10 results:
[0.568418 0.350734 4.692565 1.237370 0.552851 1.107105 0.536399 5.622092 2.432706 0.451176 1.627301 0.824945 4.565089 3.265562 0.469185 1.993580 1.174615 2.696378 3.656239 0.532440 2.163610 1.543469 0.728299 3.667281 0.619648 2.149471 1.899572 -0.938141 3.422737 0.723758 1.994074 2.223101 -2.062125 3.027397 0.839653 1.762696 2.500386 -2.411883 2.486052 0.956743 1.549641 2.709870 -1.613546 1.622740 1.051332 1.500000 2.800000 1.000000 0.000000 1.078987 ]
Batch 11 results:
[0.582805 0.317438 4.930557 0.434021 0.498744 1.138867 0.363875 5.642352 0.461100 0.309255 1.630534 0.410190 3.923226 0.501858 0.246454 1.894157 0.477226 1.312204 0.926605 0.246810 1.903768 0.615535 -0.988824 1.943540 0.312716 1.733549 0.884464 -2.191468 3.504704 0.471778 1.512666 1.321838 -1.997216 5.211924 0.718176 1.372459 1.904235 -0.673810 6.222769 0.946286 1.385996 2.497857 0.868385 5.156495 1.064219 1.500000 2.800000 1.000000 0.000000 1.078987 ]
Batch 12 results:
[0.561690 0.459544 4.254509 2.860623 0.685708 0.994462 0.787815 3.956135 3.452150 0.669969 1.307763 1.118932 2.252473 3.095313 0.707741 1.454006 1.403269 0.783374 2.615904 0.767643 1.490760 1.651649 0.080734 2.411107 0.836553 1.490539 1.896689 -0.019798 2.533588 0.904735 1.491767 2.162546 0.032909 2.775571 0.966936 1.490907 2.443084 -0.082821 2.752929 1.022870 1.475773 2.688440 -0.149748 1.989266 1.068773 1.500000 2.800000 1.000000 0.000000 1.078987 ]
Batch 13 results:
[0.495587 0.528232 3.597485 3.965637 0.817273 0.933168 0.964211 4.811344 4.328216 0.801758 1.400896 1.338930 4.316546 3.025835 0.762785 1.762601 1.563080 2.804212 1.517003 0.725476 1.949685 1.667158 0.927621 0.734547 0.707442 1.955232 1.747477 -0.739815 1.057293 0.729348 1.823925 1.909351 -1.746610 2.281724 0.808277 1.637745 2.207448 -1.805241 3.593662 0.932488 1.497475 2.583303 -0.834192 3.539923 1.045456 1.500000 2.800000 1.000000 0.000000 1.078987 ]
Batch 14 results:
[0.489925 0.426815 3.216975 2.388927 0.716664 0.830022 0.711220 3.217209 3.066443 0.708468 1.087368 1.005772 1.818795 2.714806 0.746435 1.190055 1.244142 0.291496 2.058114 0.807614 1.167133 1.427781 -0.607310 1.704489 0.885508 1.099767 1.607318 -0.584755 2.006012 0.970736 1.077178 1.849949 0.235404 2.918655 1.043512 1.157375 2.192831 1.360662 3.862215 1.085157 1.332672 2.582449 1.977648 3.580247 1.094392 1.500000 2.800000 1.000000 0.000000 1.078987 ]
Batch 15 results:
[0.395493 0.440562 1.716249 2.584361 0.839252 0.588424 0.738495 1.979517 3.102294 0.898017 0.771102 1.022489 1.623162 2.463748 0.924649 0.910083 1.223293 1.168961 1.580789 0.931171 1.010595 1.355428 0.879281 1.190098 0.930123 1.093804 1.491656 0.821185 1.693233 0.938081 1.180488 1.721485 0.930532 2.996877 0.969706 1.281121 2.093689 1.076085 4.353099 1.021675 1.392370 2.542864 1.123614 4.199606 1.069829 1.500000 2.800000 1.000000 0.000000 1.078987 ]
Batch 16 results:
[0.344143 0.552060 1.233527 4.313115 1.013363 0.557636 1.020951 3.019130 4.623029 1.070881 0.929265 1.423615 4.261012 3.312486 0.992490 1.372487 1.681353 4.397724 1.914355 0.886196 1.768188 1.830630 3.329146 1.220039 0.802747 2.007767 1.955235 1.355414 1.405657 0.772143 2.030101 2.131062 -0.884164 2.158199 0.809656 1.852412 2.383503 -2.472190 2.801704 0.910126 1.595022 2.657466 -2.274251 2.423426 1.030227 1.500000 2.800000 1.000000 0.000000 1.078987 ]
Batch 17 results:
[0.477760 0.565362 2.872012 4.621447 0.869182 0.757356 1.089443 2.394569 5.438659 0.963315 0.925479 1.600062 0.946163 4.633718 1.046409 0.959704 2.005008 -0.136233 3.469896 1.124371 0.928190 2.301209 -0.339703 2.505296 1.187406 0.918743 2.515789 0.254019 1.824270 1.220653 0.990819 2.670260 1.197952 1.268813 1.215487 1.150475 2.767860 1.909273 0.669972 1.176867 1.348252 2.804023 1.898721 0.079248 1.122604 1.500000 2.800000 1.000000 0.000000 1.078987 ]
Batch 18 results:
[0.418518 0.469335 2.037200 2.816509 0.842571 0.635048 0.760639 2.085590 2.775470 0.875142 0.812531 1.009321 1.422888 2.236416 0.892998 0.921442 1.226835 0.800558 2.232912 0.926609 0.985253 1.477005 0.546224 2.843577 0.982520 1.043774 1.799968 0.678011 3.580853 1.045299 1.127915 2.174996 1.018899 3.779778 1.092393 1.245893 2.522192 1.311063 2.986762 1.111983 1.380864 2.743069 1.330225 1.348349 1.104432 1.500000 2.800000 1.000000 0.000000 1.078987 ]
Batch 19 results:
[0.311786 0.370566 0.512269 1.574210 0.871328 0.402736 0.591084 1.266162 2.732664 0.972696 0.549407 0.894958 1.572021 3.238301 1.020226 0.699544 1.220860 1.362216 3.213261 1.050472 0.814490 1.529837 0.935715 2.955333 1.081564 0.893667 1.814592 0.714613 2.772162 1.113175 0.974721 2.092175 1.000634 2.815443 1.134808 1.109302 2.380102 1.731651 2.915128 1.134656 1.314514 2.655887 2.238202 2.413626 1.111202 1.500000 2.800000 1.000000 0.000000 1.078987 ]
Batch 20 results:
[0.409990 0.284599 2.286817 0.115251 0.606797 0.726992 0.337407 3.885033 0.971352 0.434529 1.148481 0.475589 4.342021 1.749922 0.392604 1.556548 0.678618 3.644197 2.276988 0.411131 1.848770 0.928431 2.096893 2.729935 0.465397 1.964699 1.230804 0.216200 3.362223 0.559648 1.901526 1.609189 -1.379211 4.228088 0.702320 1.718929 2.071031 -2.076265 4.907248 0.878036 1.533108 2.546551 -1.375650 4.229615 1.028883 1.500000 2.800000 1.000000 0.000000 1.078987 ]
Batch 21 results:
[0.527799 0.387334 4.014631 1.629551 0.633096 0.987725 0.573095 4.767037 1.945296 0.525747 1.420034 0.761465 3.673767 1.803615 0.492210 1.698399 0.938455 1.847995 1.791297 0.504801 1.792518 1.134203 0.099008 2.203464 0.564148 1.738300 1.393602 -1.056349 3.039254 0.675779 1.609196 1.746474 -1.382245 3.997501 0.826285 1.488662 2.177334 -0.912435 4.472412 0.971088 1.443777 2.594702 0.061185 3.549247 1.063028 1.500000 2.800000 1.000000 0.000000 1.078987 ]
Batch 22 results:
[0.551036 0.300701 4.265781 0.433176 0.499536 1.021934 0.399733 4.750823 1.567429 0.372857 1.452566 0.607571 3.739625 2.523447 0.396160 1.760200 0.889574 2.413058 3.046385 0.467944 1.938896 1.206150 1.184047 3.252932 0.556498 2.000095 1.538159 0.045209 3.396149 0.655577 1.947969 1.888782 -1.083530 3.630290 0.769973 1.789530 2.261889 -2.007301 3.775623 0.901465 1.579511 2.616877 -1.908668 3.083264 1.027744 1.500000 2.800000 1.000000 0.000000 1.078987 ]
Batch 23 results:
[0.312771 0.306969 0.689067 0.364963 0.776038 0.457745 0.368504 2.213243 0.880193 0.677808 0.738920 0.485621 3.268225 1.476195 0.581422 1.077813 0.667098 3.334988 2.172782 0.554228 1.374378 0.924201 2.468011 2.987556 0.591996 1.554369 1.266770 1.095446 3.862136 0.683805 1.596709 1.691932 -0.180718 4.588377 0.814345 1.540889 2.165441 -0.784501 4.734603 0.952340 1.474367 2.595632 -0.365752 3.571832 1.054225 1.500000 2.800000 1.000000 0.000000 1.078987 ]
Batch 24 results:
[0.444116 0.323404 2.559599 0.838978 0.629401 0.733537 0.466875 2.963217 1.971852 0.566806 0.999771 0.697019 2.248344 2.510681 0.608830 1.172342 0.948296 1.199062 2.443850 0.680138 1.246349 1.180921 0.344593 2.233973 0.758449 1.257509 1.409066 -0.030198 2.433564 0.842173 1.258247 1.690638 0.125694 3.300686 0.930990 1.294829 2.078612 0.639907 4.414614 1.013687 1.385556 2.533935 1.127210 4.291493 1.070413 1.500000 2.800000 1.000000 0.000000 1.078987 ]
Batch 25 results:
[0.539789 0.580743 4.233949 4.825274 0.821931 1.030029 1.110419 5.153036 5.263269 0.822938 1.508990 1.569177 4.215870 3.748818 0.804949 1.846671 1.851781 2.471373 1.958886 0.786780 2.000242 1.984948 0.627525 0.867762 0.781561 1.983988 2.060732 -0.867925 0.820028 0.804370 1.847321 2.177198 -1.746767 1.603502 0.867182 1.660854 2.386396 -1.839635 2.522196 0.962782 1.510564 2.649625 -0.995305 2.469273 1.052649 1.500000 2.800000 1.000000 0.000000 1.078987 ]
Batch 26 results:
[0.498063 0.363370 3.484654 1.531460 0.630295 0.893192 0.586465 4.051214 2.791284 0.580997 1.255785 0.887915 3.031795 3.069086 0.615448 1.481452 1.173273 1.459293 2.552166 0.669828 1.553853 1.393600 0.063194 1.894573 0.731082 1.514752 1.571485 -0.722657 1.803930 0.803779 1.434839 1.785742 -0.752307 2.628244 0.893927 1.385327 2.114790 -0.159939 3.942728 0.990868 1.410327 2.538712 0.647890 4.136621 1.063718 1.500000 2.800000 1.000000 0.000000 1.078987 ]
Batch 27 results:
[0.301909 0.545676 0.544940 4.250291 1.065441 0.442879 1.014804 2.336201 4.697357 1.159294 0.760565 1.430349 3.891894 3.477153 1.082085 1.185740 1.703834 4.401115 2.043981 0.962811 1.597382 1.860173 3.624268 1.223018 0.861257 1.875417 1.978266 1.805329 1.280605 0.812080 1.944696 2.138636 -0.415885 1.994533 0.832858 1.810183 2.378088 -2.091465 2.724327 0.920170 1.583386 2.651391 -2.053136 2.481532 1.032445 1.500000 2.800000 1.000000 0.000000 1.078987 ]
Batch 28 results:
[0.340045 0.339719 0.985473 0.813043 0.784918 0.484094 0.437256 1.809488 1.124700 0.734605 0.680224 0.570511 1.998865 1.595743 0.697903 0.863920 0.768541 1.599813 2.419411 0.727038 0.991998 1.061341 0.958150 3.444760 0.819156 1.062178 1.452484 0.511476 4.317771 0.939381 1.111871 1.905863 0.581329 4.622448 1.042676 1.196174 2.346555 1.165353 4.021920 1.099373 1.345099 2.675784 1.729461 2.399541 1.104996 1.500000 2.800000 1.000000 0.000000 1.078987 ]
Batch 29 results:
[0.300346 0.496835 0.174394 3.470663 1.027061 0.338491 0.893897 0.647617 4.179463 1.208813 0.440022 1.298429 1.416585 3.831877 1.244055 0.623241 1.655736 2.225120 3.328189 1.210787 0.874327 1.969300 2.714045 2.968939 1.152961 1.145146 2.251975 2.583223 2.678132 1.100366 1.367252 2.499486 1.753589 2.226438 1.070249 1.482099 2.686259 0.529188 1.454398 1.066623 1.487451 2.783567 -0.240796 0.495623 1.080033 1.500000 2.800000 1.000000 0.000000 1.078987 ]
Batch 30 results:
[0.334968 0.332983 0.921772 0.774803 0.782427 0.478188 0.439316 1.884062 1.349523 0.743056 0.693537 0.605975 2.314529 2.008470 0.718120 0.919844 0.845699 2.117683 2.802151 0.743428 1.103023 1.166755 1.504232 3.602826 0.813470 1.218756 1.558777 0.832388 4.177820 0.907210 1.279309 1.985940 0.449148 4.262832 0.998521 1.324474 2.387462 0.531590 3.635237 1.064304 1.396640 2.685437 0.928168 2.187405 1.091215 1.500000 2.800000 1.000000 0.000000 1.078987 ]
Batch 31 results:
[0.384625 0.424735 1.829355 2.502371 0.834915 0.644168 0.745653 3.231326 3.669408 0.858289 0.999176 1.113215 3.696729 3.492833 0.839331 1.350207 1.417934 3.173608 2.535335 0.809860 1.609678 1.620758 1.930402 1.588973 0.788828 1.727671 1.759818 0.431059 1.351359 0.794616 1.705231 1.924790 -0.789859 2.101815 0.845809 1.595188 2.198874 -1.252072 3.377539 0.943189 1.490482 2.568392 -0.654467 3.649780 1.044976 1.500000 2.800000 1.000000 0.000000 1.078987 ]
Batch 32 results:
[0.421075 0.561327 2.421303 4.647364 0.927204 0.735165 1.093876 3.606907 5.506988 0.979060 1.091890 1.590183 3.297743 4.185331 0.969090 1.358463 1.907684 1.913010 2.155770 0.951995 1.464522 2.037225 0.230886 0.587603 0.947511 1.422672 2.064995 -0.918799 0.192819 0.967527 1.318274 2.119131 -0.961910 1.072856 1.014298 1.268513 2.301001 0.112652 2.565361 1.066965 1.350726 2.601162 1.445618 3.090957 1.091846 1.500000 2.800000 1.000000 0.000000 1.078987 ]
Batch 33 results:
[0.468385 0.345105 2.894072 1.231722 0.634999 0.784706 0.537092 3.142834 2.509131 0.600213 1.061564 0.818842 2.308347 2.973694 0.657028 1.241655 1.106003 1.315743 2.679917 0.727681 1.334176 1.347761 0.595692 2.177385 0.790464 1.373105 1.556343 0.238810 2.110578 0.847867 1.390910 1.796490 0.150060 2.818660 0.911963 1.407709 2.134921 0.203163 3.935281 0.987861 1.435859 2.549769 0.394995 3.988384 1.057926 1.500000 2.800000 1.000000 0.000000 1.078987 ]
Batch 34 results:
[0.529158 0.539961 3.689378 4.345773 0.795503 0.892842 1.053730 3.176182 5.506188 0.867862 1.124510 1.577322 1.421100 4.744975 0.951449 1.190550 1.976345 0.036222 3.184444 1.028614 1.164195 2.217400 -0.398924 1.709043 1.087328 1.138672 2.340361 -0.009399 0.886678 1.117977 1.173136 2.422785 0.703117 0.890016 1.119861 1.271408 2.536459 1.188303 1.417806 1.106147 1.393511 2.696068 1.175162 1.616186 1.093746 1.500000 2.800000 1.000000 0.000000 1.078987 ]
Batch 35 results:
[0.408351 0.542515 2.082311 4.058187 0.925570 0.667644 0.963628 2.910836 3.919366 0.964889 0.957267 1.277337 2.745451 2.276207 0.927664 1.196238 1.427241 1.966351 0.855398 0.873224 1.343980 1.485421 0.989292 0.519951 0.835347 1.400236 1.572083 0.192771 1.389278 0.843149 1.397703 1.787191 -0.154794 2.959248 0.907086 1.387378 2.154126 0.032115 4.222258 0.998611 1.416633 2.575336 0.583295 3.787294 1.067894 1.500000 2.800000 1.000000 0.000000 1.078987 ]
Batch 36 results:
[0.520668 0.354754 3.901320 1.327766 0.598096 0.971044 0.555699 4.716527 2.649512 0.519780 1.406909 0.871661 3.807465 3.588796 0.554676 1.708855 1.255986 2.177449 4.009196 0.633823 1.841631 1.656843 0.515811 3.933060 0.732628 1.825581 2.029932 -0.745594 3.478015 0.838351 1.713710 2.344831 -1.375898 2.793464 0.939667 1.574415 2.585003 -1.288731 1.997089 1.023744 1.479860 2.741446 -0.485720 1.111351 1.075810 1.500000 2.800000 1.000000 0.000000 1.078987 ]
Batch 37 results:
[0.429330 0.532842 2.120466 4.152020 0.892567 0.642181 1.015665 1.942649 5.121773 1.006982 0.803717 1.504475 1.305670 4.492394 1.080151 0.915642 1.897213 1.014388 3.340277 1.121145 1.021263 2.176598 1.149780 2.298104 1.132090 1.149222 2.369804 1.391244 1.635641 1.119266 1.289449 2.516195 1.338912 1.340520 1.097231 1.401356 2.643162 0.835962 1.199023 1.083296 1.454252 2.750022 0.290926 0.876868 1.084363 1.500000 2.800000 1.000000 0.000000 1.078987 ]
Batch 38 results:
[0.463367 0.547132 2.996550 4.188764 0.868104 0.819979 0.990698 3.824203 4.218695 0.879405 1.177853 1.335650 3.143821 2.566058 0.848096 1.423542 1.505836 1.706268 0.946577 0.813483 1.517947 1.559425 0.229096 0.337599 0.798876 1.487421 1.617066 -0.714806 1.018005 0.827135 1.403731 1.794037 -0.808590 2.608127 0.906853 1.352887 2.136382 -0.102812 4.109658 1.006279 1.392832 2.561046 0.873205 3.945564 1.072685 1.500000 2.800000 1.000000 0.000000 1.078987 ]
Batch 39 results:
[0.549307 0.477692 4.121172 3.140276 0.715779 0.974233 0.830156 3.908227 3.605217 0.705719 1.276108 1.161068 2.016913 2.923155 0.738231 1.378458 1.411632 0.123564 2.130903 0.797287 1.330035 1.603090 -0.914957 1.799825 0.878224 1.231466 1.792380 -0.889368 2.079658 0.968810 1.179089 2.032154 -0.066084 2.742338 1.045051 1.225978 2.335196 0.984674 3.225816 1.087349 1.360157 2.643211 1.560762 2.677885 1.095549 1.500000 2.800000 1.000000 0.000000 1.078987 ]
Batch 40 results:
[0.360658 0.479031 1.418902 2.996156 0.925449 0.570454 0.782860 2.669750 2.750648 0.941081 0.865683 0.996146 3.073028 1.486995 0.855356 1.154268 1.094175 2.565848 0.616073 0.758678 1.359464 1.155437 1.483370 0.805598 0.704449 1.449335 1.291668 0.352179 2.067357 0.727940 1.445568 1.586621 -0.316360 3.844438 0.831883 1.411611 2.043559 -0.232735 5.098473 0.966298 1.420166 2.541468 0.464084 4.396859 1.061224 1.500000 2.800000 1.000000 0.000000 1.078987 ]
Batch 41 results:
[0.357615 0.547896 1.448420 4.446786 0.992521 0.587148 1.070124 3.056927 5.582069 1.068973 0.939375 1.604299 3.801139 4.903529 1.041080 1.308697 2.027806 3.402467 3.521868 0.997679 1.589605 2.310245 2.106353 2.176110 0.968124 1.718593 2.477911 0.472462 1.266668 0.964402 1.695090 2.581587 -0.835149 0.888396 0.989790 1.581410 2.667640 -1.257846 0.863648 1.035679 1.481714 2.752427 -0.552239 0.775339 1.076957 1.500000 2.800000 1.000000 0.000000 1.078987 ]
Batch 42 results:
[0.499029 0.411867 3.596674 1.989363 0.690000 0.927668 0.628708 4.638477 2.165179 0.595623 1.374290 0.827084 4.099315 1.789650 0.541761 1.719956 0.994636 2.726571 1.639189 0.524305 1.910554 1.173870 1.077602 2.044232 0.550950 1.940231 1.420434 -0.431805 2.946782 0.631943 1.839651 1.767151 -1.478986 3.957965 0.765300 1.669104 2.193814 -1.785954 4.415581 0.920405 1.516467 2.602726 -1.070951 3.441658 1.043235 1.500000 2.800000 1.000000 0.000000 1.078987 ]
Batch 43 results:
[0.497990 0.357301 3.623561 1.463595 0.622365 0.929681 0.579786 4.616170 2.864722 0.557620 1.355747 0.897432 3.652870 3.312994 0.584728 1.626318 1.212489 1.672988 2.882020 0.640642 1.689500 1.464486 -0.337540 2.174269 0.714176 1.585754 1.662254 -1.551880 1.903688 0.808947 1.421698 1.874201 -1.508029 2.478313 0.921838 1.323332 2.176849 -0.314543 3.582881 1.024580 1.368707 2.561641 1.143746 3.761448 1.080080 1.500000 2.800000 1.000000 0.000000 1.078987 ]
Batch 44 results:
[0.525292 0.391052 3.851188 1.863074 0.639937 0.951219 0.627136 4.297288 2.667254 0.582883 1.338874 0.890803 3.336687 2.475717 0.587081 1.608973 1.106907 2.066970 1.828186 0.602599 1.757360 1.264582 0.937200 1.420007 0.623754 1.803370 1.417647 0.012138 1.798976 0.666214 1.764607 1.654689 -0.763533 3.062157 0.753263 1.658150 2.038832 -1.300995 4.552711 0.888008 1.528174 2.517191 -1.103069 4.556717 1.025176 1.500000 2.800000 1.000000 0.000000 1.078987 ]
Batch 45 results:
[0.420095 0.578462 2.173439 4.836171 0.942685 0.679122 1.120168 2.855985 5.512954 1.025781 0.972650 1.617590 2.959049 4.261441 1.029424 1.262552 1.959449 2.798865 2.598383 0.998410 1.522463 2.153397 2.336445 1.401009 0.955384 1.714857 2.266688 1.429485 0.999597 0.923118 1.793306 2.376114 0.084252 1.270050 0.924280 1.729932 2.527195 -1.292519 1.726468 0.970531 1.568050 2.702631 -1.641724 1.613715 1.045068 1.500000 2.800000 1.000000 0.000000 1.078987 ]
Batch 46 results:
[0.454893 0.376375 2.972972 1.705175 0.691222 0.838807 0.618593 4.475979 3.034436 0.635432 1.307626 0.959477 4.705470 3.662246 0.633022 1.744701 1.329295 3.880725 3.644611 0.651076 2.057593 1.675663 2.273794 3.246727 0.683448 2.185458 1.976736 0.251392 2.788393 0.735293 2.110600 2.238936 -1.683221 2.489406 0.814895 1.874219 2.479223 -2.848358 2.314970 0.923485 1.596353 2.691908 -2.342017 1.821094 1.035526 1.500000 2.800000 1.000000 0.000000 1.078987 ]
Batch 47 results:
[0.407800 0.528173 2.257375 3.844187 0.913303 0.722825 0.928649 3.878885 3.734533 0.909389 1.145206 1.225954 4.364358 2.124406 0.819439 1.556267 1.360018 3.678189 0.683763 0.718205 1.851607 1.399666 2.122338 0.328339 0.647279 1.969108 1.469542 0.221292 1.266597 0.641128 1.905433 1.681727 -1.392998 3.046668 0.723116 1.721016 2.072057 -2.096173 4.603302 0.877683 1.533557 2.541127 -1.386514 4.304807 1.027811 1.500000 2.800000 1.000000 0.000000 1.078987 ]
Batch 48 results:
[0.459831 0.313235 2.736747 0.689035 0.597994 0.761900 0.442927 3.072953 1.858592 0.526590 1.049847 0.664514 2.640855 2.447542 0.564305 1.288859 0.910266 2.151977 2.389713 0.614913 1.481971 1.136860 1.705203 2.168027 0.654373 1.624814 1.358882 1.106784 2.386409 0.696505 1.692342 1.639521 0.190348 3.341667 0.769546 1.657575 2.038457 -0.863095 4.595402 0.888087 1.542339 2.516928 -1.205144 4.545893 1.021028 1.500000 2.800000 1.000000 0.000000 1.078987 ]
Batch 49 results:
[0.370860 0.323356 1.231799 0.538124 0.717076 0.501770 0.392437 1.300647 0.875970 0.663733 0.627010 0.511543 1.227778 1.585320 0.684328 0.755221 0.723656 1.377117 2.707506 0.764058 0.907568 1.056525 1.673529 3.928716 0.861094 1.085338 1.496802 1.832994 4.773033 0.943420 1.260564 1.983487 1.592783 4.795481 1.004661 1.389662 2.420673 0.941645 3.775079 1.049653 1.450085 2.709598 0.349975 1.907874 1.079413 1.500000 2.800000 1.000000 0.000000 1.078987 ]
Batch 50 results:
[0.538975 0.520684 4.136275 3.873961 0.768139 1.004092 0.961644 4.754186 4.600390 0.763808 1.434160 1.398239 3.679788 4.024368 0.772717 1.722742 1.759125 2.068835 3.206239 0.795847 1.851658 2.046893 0.557949 2.596405 0.835435 1.847235 2.286699 -0.572255 2.227870 0.891307 1.752853 2.494151 -1.234062 1.908777 0.958203 1.617818 2.662452 -1.369540 1.414945 1.024776 1.502536 2.768792 -0.787424 0.682418 1.073599 1.500000 2.800000 1.000000 0.000000 1.078987 ]
Batch 51 results:
[0.568507 0.530066 4.461183 3.828962 0.750421 1.040197 0.928317 4.512798 3.760210 0.728624 1.418485 1.245967 2.944942 2.563834 0.720740 1.627617 1.454143 1.299082 1.725988 0.729167 1.696801 1.620162 0.188354 1.734948 0.762297 1.683986 1.822933 -0.370201 2.384923 0.824998 1.632864 2.098742 -0.623401 3.079861 0.909602 1.563092 2.417413 -0.749686 3.137258 0.996817 1.493748 2.688858 -0.526891 2.091965 1.063715 1.500000 2.800000 1.000000 0.000000 1.078987 ]
Batch 52 results:
[0.299717 0.323291 0.451747 0.699628 0.823219 0.414410 0.439817 1.863262 1.668968 0.815132 0.659249 0.661971 2.907339 2.780611 0.787458 0.965321 0.992806 3.053797 3.796820 0.799434 1.241131 1.408764 2.345977 4.437342 0.848574 1.419383 1.859702 1.189194 4.464969 0.918881 1.482596 2.277469 0.139164 3.771088 0.993730 1.467563 2.593054 -0.309557 2.461247 1.055783 1.448661 2.762268 0.064870 0.940706 1.087784 1.500000 2.800000 1.000000 0.000000 1.078987 ]
Batch 53 results:
[0.399765 0.356531 1.922956 1.102470 0.728294 0.638923 0.483743 2.684950 1.370297 0.648044 0.906913 0.626534 2.554115 1.505536 0.604554 1.131744 0.793822 1.883718 1.900270 0.611675 1.278010 1.018935 1.042541 2.657030 0.673082 1.345557 1.332570 0.357194 3.626959 0.780549 1.362377 1.739558 0.054434 4.447979 0.906399 1.371743 2.199450 0.203474 4.582958 1.013150 1.413568 2.610924 0.658304 3.357878 1.074576 1.500000 2.800000 1.000000 0.000000 1.078987 ]
Batch 54 results:
[0.560003 0.452730 4.381867 2.719668 0.679867 1.026747 0.753283 4.453320 2.995857 0.632961 1.386450 1.013856 2.574293 2.123131 0.631399 1.532411 1.176178 0.397826 1.187421 0.654629 1.490250 1.274867 -1.070806 0.942970 0.707662 1.356692 1.398991 -1.403014 1.707011 0.800747 1.245444 1.643103 -0.675829 3.254459 0.922206 1.240191 2.047743 0.599171 4.712595 1.026242 1.354695 2.529409 1.546933 4.455751 1.079093 1.500000 2.800000 1.000000 0.000000 1.078987 ]
Batch 55 results:
[0.397722 0.470909 2.047985 3.263674 0.869455 0.684175 0.875552 3.548558 4.511255 0.907487 1.076403 1.318991 4.127487 4.144900 0.886327 1.475896 1.675767 3.701174 2.918550 0.848731 1.788154 1.902298 2.427144 1.674898 0.816318 1.944920 2.033489 0.666490 1.100124 0.807657 1.922658 2.154817 -1.053712 1.478618 0.842274 1.757275 2.349890 -2.077969 2.447704 0.928697 1.555081 2.623475 -1.659937 2.752371 1.035720 1.500000 2.800000 1.000000 0.000000 1.078987 ]
Batch 56 results:
[0.423241 0.325354 2.371853 0.782983 0.655375 0.725667 0.457566 3.486793 1.879123 0.562577 1.086842 0.699744 3.588974 2.935761 0.572027 1.418193 1.035680 2.933548 3.724330 0.630761 1.657234 1.431059 1.789558 4.109012 0.712292 1.769697 1.842057 0.454783 4.033143 0.805430 1.753145 2.222574 -0.729427 3.505620 0.902928 1.642074 2.530112 -1.363314 2.587303 0.995116 1.514495 2.730289 -0.973869 1.377426 1.064351 1.500000 2.800000 1.000000 0.000000 1.078987 ]
Batch 57 results:
[0.478474 0.532377 3.065659 3.772902 0.838672 0.817270 0.907790 3.425158 3.356678 0.837824 1.129624 1.172562 2.741273 1.953241 0.804047 1.360284 1.321506 1.881355 1.201956 0.770939 1.510471 1.450382 1.147973 1.546504 0.765107 1.593530 1.655562 0.521502 2.619505 0.804488 1.614846 1.972150 -0.097299 3.627136 0.884682 1.576000 2.350574 -0.644696 3.733757 0.980162 1.503209 2.671631 -0.651405 2.446520 1.058289 1.500000 2.800000 1.000000 0.000000 1.078987 ]
Batch 58 results:
[0.504050 0.488790 3.661505 3.080467 0.770029 0.938462 0.789275 4.695143 2.592064 0.699264 1.393262 0.978064 4.220982 1.191520 0.612064 1.757145 1.049418 2.972227 0.414638 0.538380 1.977302 1.102285 1.406199 0.851469 0.508560 2.037987 1.255366 -0.172736 2.339250 0.552089 1.951366 1.581486 -1.490245 4.155325 0.681081 1.760654 2.061247 -2.179105 5.210085 0.863887 1.555558 2.555983 -1.656280 4.239890 1.024081 1.500000 2.800000 1.000000 0.000000 1.078987 ]
Batch 59 results:
[0.529189 0.554985 3.912474 4.304105 0.809186 0.959988 1.007799 4.317386 4.269281 0.809690 1.344356 1.351645 3.243745 2.491502 0.788102 1.598971 1.508920 1.855727 0.772549 0.756431 1.722904 1.543211 0.676266 0.140796 0.730436 1.745272 1.583876 -0.177413 0.889745 0.736956 1.696443 1.754486 -0.758264 2.616558 0.802216 1.602792 2.105117 -1.053896 4.260597 0.920052 1.505017 2.548495 -0.751035 4.141957 1.037353 1.500000 2.800000 1.000000 0.000000 1.078987 ]
Batch 60 results:
[0.364838 0.332091 1.484618 0.850647 0.738445 0.577648 0.453170 2.630554 1.497057 0.665223 0.856348 0.616149 2.763354 1.698249 0.623699 1.098852 0.785708 1.967046 1.692372 0.620740 1.236329 0.962035 0.772802 1.906020 0.661268 1.262947 1.186030 -0.140453 2.681305 0.754001 1.235682 1.517208 -0.245437 4.002925 0.887310 1.244177 1.984309 0.534083 5.225232 1.010755 1.350675 2.508620 1.523909 4.799301 1.076892 1.500000 2.800000 1.000000 0.000000 1.078987 ]
Batch 61 results:
[0.294580 0.447184 0.161915 2.476648 0.988298 0.337911 0.701327 0.711617 2.374084 1.121801 0.432175 0.903693 1.131968 1.690087 1.124714 0.555397 1.055783 1.292872 1.474055 1.086525 0.685433 1.224490 1.297320 2.019419 1.060483 0.816172 1.477007 1.339381 3.073804 1.065971 0.959548 1.836757 1.562186 4.049191 1.089378 1.133345 2.260335 1.915913 4.232086 1.106025 1.334799 2.635469 2.015774 2.993676 1.101982 1.500000 2.800000 1.000000 0.000000 1.078987 ]
Batch 62 results:
[0.422367 0.471874 2.111337 2.944569 0.840703 0.653962 0.781617 2.344384 2.929799 0.874088 0.873776 1.022110 2.027989 1.823329 0.863479 1.061119 1.153401 1.741447 0.910934 0.827045 1.225717 1.234803 1.555971 0.894794 0.789091 1.369568 1.367334 1.288095 1.909500 0.784582 1.474151 1.637760 0.753073 3.538074 0.837925 1.512962 2.064237 0.018286 4.827987 0.938303 1.489403 2.543559 -0.343352 4.307161 1.041063 1.500000 2.800000 1.000000 0.000000 1.078987 ]
Batch 63 results:
[0.520188 0.426640 3.898584 2.153087 0.686917 0.967473 0.648254 4.630322 2.081468 0.590340 1.383827 0.828172 3.483283 1.538877 0.539290 1.639105 0.972023 1.577751 1.453775 0.535272 1.704002 1.143353 -0.198520 2.084923 0.590984 1.624165 1.405321 -1.243108 3.194698 0.713285 1.489014 1.779724 -1.291730 4.222410 0.874101 1.395289 2.223360 -0.471051 4.457624 1.010359 1.405318 2.621718 0.648516 3.213478 1.078742 1.500000 2.800000 1.000000 0.000000 1.078987 ]
before cluster_N_state
[0.293574 0.291256 -0.011935 -0.017747 0.781434 0.518370 0.585255 3.901861 5.020326 0.845929 0.967649 1.156522 4.637585 5.882935 0.874081 1.375974 1.688110 3.280005 4.520342 0.886917 1.594215 2.038698 1.036706 2.486008 0.907142 1.591695 2.200290 -0.964606 0.884318 0.944536 1.438071 2.250700 -1.878772 0.318334 1.002233 1.264941 2.300803 -1.345858 0.837540 1.068120 1.207192 2.436567 0.306157 1.885578 1.110797 1.324073 2.655854 1.858718 2.247999 1.108310 1.500000 2.800000 1.000000 0.000000 1.078987 
0.293574 0.291256 -0.011935 -0.017747 0.781434 0.370788 0.379841 1.503895 1.489687 0.797457 0.578187 0.548918 2.542645 1.775088 0.759436 0.857065 0.724499 2.920270 1.737279 0.701774 1.140340 0.903514 2.645843 1.902623 0.670040 1.369647 1.118610 1.877310 2.465863 0.684849 1.508018 1.407027 0.877276 3.330974 0.750767 1.548135 1.783567 -0.031239 4.152002 0.855945 1.516159 2.217644 -0.509025 4.373921 0.971107 1.471141 2.614414 -0.244911 3.273468 1.058252 1.500000 2.800000 1.000000 0.000000 1.078987 
0.293574 0.291256 -0.011935 -0.017747 0.781434 0.468616 0.501375 3.026260 3.297431 0.819159 0.821829 0.830076 3.744300 2.939998 0.790391 1.174121 1.061027 3.152793 1.688876 0.734843 1.433760 1.188583 1.994861 1.025865 0.692174 1.571591 1.302173 0.785562 1.417620 0.691921 1.600207 1.498884 -0.148667 2.597631 0.752715 1.557056 1.824239 -0.630589 3.848196 0.864252 1.491493 2.241186 -0.592730 4.282412 0.983607 1.455775 2.627267 -0.037946 3.126142 1.064809 1.500000 2.800000 1.000000 0.000000 1.078987 
0.293574 0.291256 -0.011935 -0.017747 0.781434 0.385445 0.487876 1.808876 3.142426 0.902154 0.633850 0.813065 3.006566 3.056908 0.908630 0.952862 1.071764 3.203356 2.109414 0.844058 1.244201 1.249479 2.500618 1.568957 0.787515 1.436333 1.413223 1.302507 1.837917 0.777288 1.505931 1.637249 0.139603 2.700115 0.827152 1.481700 1.953600 -0.507458 3.568878 0.921912 1.430560 2.327467 -0.384348 3.735119 1.019680 1.426201 2.657344 0.360596 2.615397 1.078220 1.500000 2.800000 1.000000 0.000000 1.078987 
0.293574 0.291256 -0.011935 -0.017747 0.781434 0.314848 0.434811 0.428482 2.553690 0.944077 0.380348 0.747394 0.893795 3.484324 1.100055 0.495634 1.099809 1.415265 3.455001 1.147399 0.661733 1.425309 1.884853 3.028021 1.136136 0.865376 1.706012 2.138510 2.612737 1.101365 1.077556 1.955893 2.039469 2.431174 1.067241 1.260424 2.200331 1.561530 2.483630 1.050591 1.382513 2.452215 0.872357 2.514287 1.057434 1.442281 2.684613 0.416763 1.976819 1.077802 1.500000 2.800000 1.000000 0.000000 1.078987 
0.293574 0.291256 -0.011935 -0.017747 0.781434 0.470161 0.403597 3.162191 1.806812 0.709364 0.856318 0.589484 4.252277 1.721541 0.602894 1.268431 0.730567 3.780533 1.100486 0.522556 1.581490 0.822403 2.381424 0.848625 0.479534 1.735707 0.927815 0.709656 1.407160 0.490901 1.733945 1.130776 -0.651822 2.758803 0.577878 1.629942 1.490827 -1.283834 4.433072 0.740851 1.507327 1.998023 -1.022979 5.511581 0.924479 1.449451 2.528404 -0.053642 4.633330 1.050265 1.500000 2.800000 1.000000 0.000000 1.078987 
0.293574 0.291256 -0.011935 -0.017747 0.781434 0.366381 0.354674 1.418667 1.479282 0.769163 0.562770 0.600662 2.419004 3.407691 0.817955 0.830310 1.016256 2.828203 4.757254 0.885758 1.108228 1.518490 2.636108 5.112927 0.940334 1.341231 2.006348 1.958363 4.503547 0.981530 1.490846 2.397588 1.011508 3.250551 1.014494 1.544256 2.650440 0.088062 1.816690 1.043238 1.520662 2.770169 -0.468381 0.654732 1.068766 1.475137 2.800514 -0.288070 0.056185 1.085988 1.500000 2.800000 1.000000 0.000000 1.078987 
0.293574 0.291256 -0.011935 -0.017747 0.781434 0.328434 0.557448 0.704044 4.567520 1.038376 0.433082 1.079006 1.377654 5.377657 1.189109 0.600040 1.562928 1.932076 4.079398 1.204228 0.811490 1.873677 2.246698 2.133656 1.162085 1.037704 2.006099 2.213357 0.665598 1.093425 1.241108 2.045364 1.792589 0.334733 1.025399 1.385956 2.113890 1.069867 1.204995 0.990465 1.453641 2.305299 0.311855 2.614826 1.008205 1.463627 2.605370 0.022642 3.047257 1.058959 1.500000 2.800000 1.000000 0.000000 1.078987 
0.293574 0.291256 -0.011935 -0.017747 0.781434 0.483955 0.353481 3.426460 1.144967 0.630840 0.904944 0.495734 4.657411 1.587160 0.501158 1.357462 0.653664 4.155324 1.519697 0.448766 1.700206 0.797503 2.581372 1.387827 0.438593 1.862337 0.944846 0.663697 1.658045 0.469506 1.844190 1.152119 -0.922364 2.604962 0.558404 1.706001 1.484734 -1.674067 4.098159 0.716162 1.544659 1.965931 -1.381050 5.389055 0.904827 1.458480 2.504300 -0.245111 4.897773 1.043426 1.500000 2.800000 1.000000 0.000000 1.078987 
0.293574 0.291256 -0.011935 -0.017747 0.781434 0.382365 0.453216 1.531934 2.909443 0.869988 0.563571 0.808987 1.970787 3.924509 0.962330 0.760839 1.192515 1.928998 3.577687 1.002895 0.944269 1.503687 1.727241 2.605551 1.010064 1.104839 1.717366 1.478325 1.739074 0.999122 1.238407 1.873237 1.183036 1.511697 0.986654 1.339299 2.046454 0.825974 2.067394 0.991300 1.403489 2.299097 0.471394 2.968733 1.022727 1.441351 2.612436 0.359043 3.004948 1.066628 1.500000 2.800000 1.000000 0.000000 1.078987 
0.293574 0.291256 -0.011935 -0.017747 0.781434 0.568418 0.350734 4.692565 1.237370 0.552851 1.107105 0.536399 5.622092 2.432706 0.451176 1.627301 0.824945 4.565089 3.265562 0.469185 1.993580 1.174615 2.696378 3.656239 0.532440 2.163610 1.543469 0.728299 3.667281 0.619648 2.149471 1.899572 -0.938141 3.422737 0.723758 1.994074 2.223101 -2.062125 3.027397 0.839653 1.762696 2.500386 -2.411883 2.486052 0.956743 1.549641 2.709870 -1.613546 1.622740 1.051332 1.500000 2.800000 1.000000 0.000000 1.078987 
0.293574 0.291256 -0.011935 -0.017747 0.781434 0.582805 0.317438 4.930557 0.434021 0.498744 1.138867 0.363875 5.642352 0.461100 0.309255 1.630534 0.410190 3.923226 0.501858 0.246454 1.894157 0.477226 1.312204 0.926605 0.246810 1.903768 0.615535 -0.988824 1.943540 0.312716 1.733549 0.884464 -2.191468 3.504704 0.471778 1.512666 1.321838 -1.997216 5.211924 0.718176 1.372459 1.904235 -0.673810 6.222769 0.946286 1.385996 2.497857 0.868385 5.156495 1.064219 1.500000 2.800000 1.000000 0.000000 1.078987 
0.293574 0.291256 -0.011935 -0.017747 0.781434 0.561690 0.459544 4.254509 2.860623 0.685708 0.994462 0.787815 3.956135 3.452150 0.669969 1.307763 1.118932 2.252473 3.095313 0.707741 1.454006 1.403269 0.783374 2.615904 0.767643 1.490760 1.651649 0.080734 2.411107 0.836553 1.490539 1.896689 -0.019798 2.533588 0.904735 1.491767 2.162546 0.032909 2.775571 0.966936 1.490907 2.443084 -0.082821 2.752929 1.022870 1.475773 2.688440 -0.149748 1.989266 1.068773 1.500000 2.800000 1.000000 0.000000 1.078987 
0.293574 0.291256 -0.011935 -0.017747 0.781434 0.495587 0.528232 3.597485 3.965637 0.817273 0.933168 0.964211 4.811344 4.328216 0.801758 1.400896 1.338930 4.316546 3.025835 0.762785 1.762601 1.563080 2.804212 1.517003 0.725476 1.949685 1.667158 0.927621 0.734547 0.707442 1.955232 1.747477 -0.739815 1.057293 0.729348 1.823925 1.909351 -1.746610 2.281724 0.808277 1.637745 2.207448 -1.805241 3.593662 0.932488 1.497475 2.583303 -0.834192 3.539923 1.045456 1.500000 2.800000 1.000000 0.000000 1.078987 
0.293574 0.291256 -0.011935 -0.017747 0.781434 0.489925 0.426815 3.216975 2.388927 0.716664 0.830022 0.711220 3.217209 3.066443 0.708468 1.087368 1.005772 1.818795 2.714806 0.746435 1.190055 1.244142 0.291496 2.058114 0.807614 1.167133 1.427781 -0.607310 1.704489 0.885508 1.099767 1.607318 -0.584755 2.006012 0.970736 1.077178 1.849949 0.235404 2.918655 1.043512 1.157375 2.192831 1.360662 3.862215 1.085157 1.332672 2.582449 1.977648 3.580247 1.094392 1.500000 2.800000 1.000000 0.000000 1.078987 
0.293574 0.291256 -0.011935 -0.017747 0.781434 0.395493 0.440562 1.716249 2.584361 0.839252 0.588424 0.738495 1.979517 3.102294 0.898017 0.771102 1.022489 1.623162 2.463748 0.924649 0.910083 1.223293 1.168961 1.580789 0.931171 1.010595 1.355428 0.879281 1.190098 0.930123 1.093804 1.491656 0.821185 1.693233 0.938081 1.180488 1.721485 0.930532 2.996877 0.969706 1.281121 2.093689 1.076085 4.353099 1.021675 1.392370 2.542864 1.123614 4.199606 1.069829 1.500000 2.800000 1.000000 0.000000 1.078987 
0.293574 0.291256 -0.011935 -0.017747 0.781434 0.344143 0.552060 1.233527 4.313115 1.013363 0.557636 1.020951 3.019130 4.623029 1.070881 0.929265 1.423615 4.261012 3.312486 0.992490 1.372487 1.681353 4.397724 1.914355 0.886196 1.768188 1.830630 3.329146 1.220039 0.802747 2.007767 1.955235 1.355414 1.405657 0.772143 2.030101 2.131062 -0.884164 2.158199 0.809656 1.852412 2.383503 -2.472190 2.801704 0.910126 1.595022 2.657466 -2.274251 2.423426 1.030227 1.500000 2.800000 1.000000 0.000000 1.078987 
0.293574 0.291256 -0.011935 -0.017747 0.781434 0.477760 0.565362 2.872012 4.621447 0.869182 0.757356 1.089443 2.394569 5.438659 0.963315 0.925479 1.600062 0.946163 4.633718 1.046409 0.959704 2.005008 -0.136233 3.469896 1.124371 0.928190 2.301209 -0.339703 2.505296 1.187406 0.918743 2.515789 0.254019 1.824270 1.220653 0.990819 2.670260 1.197952 1.268813 1.215487 1.150475 2.767860 1.909273 0.669972 1.176867 1.348252 2.804023 1.898721 0.079248 1.122604 1.500000 2.800000 1.000000 0.000000 1.078987 
0.293574 0.291256 -0.011935 -0.017747 0.781434 0.418518 0.469335 2.037200 2.816509 0.842571 0.635048 0.760639 2.085590 2.775470 0.875142 0.812531 1.009321 1.422888 2.236416 0.892998 0.921442 1.226835 0.800558 2.232912 0.926609 0.985253 1.477005 0.546224 2.843577 0.982520 1.043774 1.799968 0.678011 3.580853 1.045299 1.127915 2.174996 1.018899 3.779778 1.092393 1.245893 2.522192 1.311063 2.986762 1.111983 1.380864 2.743069 1.330225 1.348349 1.104432 1.500000 2.800000 1.000000 0.000000 1.078987 
0.293574 0.291256 -0.011935 -0.017747 0.781434 0.311786 0.370566 0.512269 1.574210 0.871328 0.402736 0.591084 1.266162 2.732664 0.972696 0.549407 0.894958 1.572021 3.238301 1.020226 0.699544 1.220860 1.362216 3.213261 1.050472 0.814490 1.529837 0.935715 2.955333 1.081564 0.893667 1.814592 0.714613 2.772162 1.113175 0.974721 2.092175 1.000634 2.815443 1.134808 1.109302 2.380102 1.731651 2.915128 1.134656 1.314514 2.655887 2.238202 2.413626 1.111202 1.500000 2.800000 1.000000 0.000000 1.078987 
0.293574 0.291256 -0.011935 -0.017747 0.781434 0.409990 0.284599 2.286817 0.115251 0.606797 0.726992 0.337407 3.885033 0.971352 0.434529 1.148481 0.475589 4.342021 1.749922 0.392604 1.556548 0.678618 3.644197 2.276988 0.411131 1.848770 0.928431 2.096893 2.729935 0.465397 1.964699 1.230804 0.216200 3.362223 0.559648 1.901526 1.609189 -1.379211 4.228088 0.702320 1.718929 2.071031 -2.076265 4.907248 0.878036 1.533108 2.546551 -1.375650 4.229615 1.028883 1.500000 2.800000 1.000000 0.000000 1.078987 
0.293574 0.291256 -0.011935 -0.017747 0.781434 0.527799 0.387334 4.014631 1.629551 0.633096 0.987725 0.573095 4.767037 1.945296 0.525747 1.420034 0.761465 3.673767 1.803615 0.492210 1.698399 0.938455 1.847995 1.791297 0.504801 1.792518 1.134203 0.099008 2.203464 0.564148 1.738300 1.393602 -1.056349 3.039254 0.675779 1.609196 1.746474 -1.382245 3.997501 0.826285 1.488662 2.177334 -0.912435 4.472412 0.971088 1.443777 2.594702 0.061185 3.549247 1.063028 1.500000 2.800000 1.000000 0.000000 1.078987 
0.293574 0.291256 -0.011935 -0.017747 0.781434 0.551036 0.300701 4.265781 0.433176 0.499536 1.021934 0.399733 4.750823 1.567429 0.372857 1.452566 0.607571 3.739625 2.523447 0.396160 1.760200 0.889574 2.413058 3.046385 0.467944 1.938896 1.206150 1.184047 3.252932 0.556498 2.000095 1.538159 0.045209 3.396149 0.655577 1.947969 1.888782 -1.083530 3.630290 0.769973 1.789530 2.261889 -2.007301 3.775623 0.901465 1.579511 2.616877 -1.908668 3.083264 1.027744 1.500000 2.800000 1.000000 0.000000 1.078987 
0.293574 0.291256 -0.011935 -0.017747 0.781434 0.312771 0.306969 0.689067 0.364963 0.776038 0.457745 0.368504 2.213243 0.880193 0.677808 0.738920 0.485621 3.268225 1.476195 0.581422 1.077813 0.667098 3.334988 2.172782 0.554228 1.374378 0.924201 2.468011 2.987556 0.591996 1.554369 1.266770 1.095446 3.862136 0.683805 1.596709 1.691932 -0.180718 4.588377 0.814345 1.540889 2.165441 -0.784501 4.734603 0.952340 1.474367 2.595632 -0.365752 3.571832 1.054225 1.500000 2.800000 1.000000 0.000000 1.078987 
0.293574 0.291256 -0.011935 -0.017747 0.781434 0.444116 0.323404 2.559599 0.838978 0.629401 0.733537 0.466875 2.963217 1.971852 0.566806 0.999771 0.697019 2.248344 2.510681 0.608830 1.172342 0.948296 1.199062 2.443850 0.680138 1.246349 1.180921 0.344593 2.233973 0.758449 1.257509 1.409066 -0.030198 2.433564 0.842173 1.258247 1.690638 0.125694 3.300686 0.930990 1.294829 2.078612 0.639907 4.414614 1.013687 1.385556 2.533935 1.127210 4.291493 1.070413 1.500000 2.800000 1.000000 0.000000 1.078987 
0.293574 0.291256 -0.011935 -0.017747 0.781434 0.539789 0.580743 4.233949 4.825274 0.821931 1.030029 1.110419 5.153036 5.263269 0.822938 1.508990 1.569177 4.215870 3.748818 0.804949 1.846671 1.851781 2.471373 1.958886 0.786780 2.000242 1.984948 0.627525 0.867762 0.781561 1.983988 2.060732 -0.867925 0.820028 0.804370 1.847321 2.177198 -1.746767 1.603502 0.867182 1.660854 2.386396 -1.839635 2.522196 0.962782 1.510564 2.649625 -0.995305 2.469273 1.052649 1.500000 2.800000 1.000000 0.000000 1.078987 
0.293574 0.291256 -0.011935 -0.017747 0.781434 0.498063 0.363370 3.484654 1.531460 0.630295 0.893192 0.586465 4.051214 2.791284 0.580997 1.255785 0.887915 3.031795 3.069086 0.615448 1.481452 1.173273 1.459293 2.552166 0.669828 1.553853 1.393600 0.063194 1.894573 0.731082 1.514752 1.571485 -0.722657 1.803930 0.803779 1.434839 1.785742 -0.752307 2.628244 0.893927 1.385327 2.114790 -0.159939 3.942728 0.990868 1.410327 2.538712 0.647890 4.136621 1.063718 1.500000 2.800000 1.000000 0.000000 1.078987 
0.293574 0.291256 -0.011935 -0.017747 0.781434 0.301909 0.545676 0.544940 4.250291 1.065441 0.442879 1.014804 2.336201 4.697357 1.159294 0.760565 1.430349 3.891894 3.477153 1.082085 1.185740 1.703834 4.401115 2.043981 0.962811 1.597382 1.860173 3.624268 1.223018 0.861257 1.875417 1.978266 1.805329 1.280605 0.812080 1.944696 2.138636 -0.415885 1.994533 0.832858 1.810183 2.378088 -2.091465 2.724327 0.920170 1.583386 2.651391 -2.053136 2.481532 1.032445 1.500000 2.800000 1.000000 0.000000 1.078987 
0.293574 0.291256 -0.011935 -0.017747 0.781434 0.340045 0.339719 0.985473 0.813043 0.784918 0.484094 0.437256 1.809488 1.124700 0.734605 0.680224 0.570511 1.998865 1.595743 0.697903 0.863920 0.768541 1.599813 2.419411 0.727038 0.991998 1.061341 0.958150 3.444760 0.819156 1.062178 1.452484 0.511476 4.317771 0.939381 1.111871 1.905863 0.581329 4.622448 1.042676 1.196174 2.346555 1.165353 4.021920 1.099373 1.345099 2.675784 1.729461 2.399541 1.104996 1.500000 2.800000 1.000000 0.000000 1.078987 
0.293574 0.291256 -0.011935 -0.017747 0.781434 0.300346 0.496835 0.174394 3.470663 1.027061 0.338491 0.893897 0.647617 4.179463 1.208813 0.440022 1.298429 1.416585 3.831877 1.244055 0.623241 1.655736 2.225120 3.328189 1.210787 0.874327 1.969300 2.714045 2.968939 1.152961 1.145146 2.251975 2.583223 2.678132 1.100366 1.367252 2.499486 1.753589 2.226438 1.070249 1.482099 2.686259 0.529188 1.454398 1.066623 1.487451 2.783567 -0.240796 0.495623 1.080033 1.500000 2.800000 1.000000 0.000000 1.078987 
0.293574 0.291256 -0.011935 -0.017747 0.781434 0.334968 0.332983 0.921772 0.774803 0.782427 0.478188 0.439316 1.884062 1.349523 0.743056 0.693537 0.605975 2.314529 2.008470 0.718120 0.919844 0.845699 2.117683 2.802151 0.743428 1.103023 1.166755 1.504232 3.602826 0.813470 1.218756 1.558777 0.832388 4.177820 0.907210 1.279309 1.985940 0.449148 4.262832 0.998521 1.324474 2.387462 0.531590 3.635237 1.064304 1.396640 2.685437 0.928168 2.187405 1.091215 1.500000 2.800000 1.000000 0.000000 1.078987 
0.293574 0.291256 -0.011935 -0.017747 0.781434 0.384625 0.424735 1.829355 2.502371 0.834915 0.644168 0.745653 3.231326 3.669408 0.858289 0.999176 1.113215 3.696729 3.492833 0.839331 1.350207 1.417934 3.173608 2.535335 0.809860 1.609678 1.620758 1.930402 1.588973 0.788828 1.727671 1.759818 0.431059 1.351359 0.794616 1.705231 1.924790 -0.789859 2.101815 0.845809 1.595188 2.198874 -1.252072 3.377539 0.943189 1.490482 2.568392 -0.654467 3.649780 1.044976 1.500000 2.800000 1.000000 0.000000 1.078987 
0.293574 0.291256 -0.011935 -0.017747 0.781434 0.421075 0.561327 2.421303 4.647364 0.927204 0.735165 1.093876 3.606907 5.506988 0.979060 1.091890 1.590183 3.297743 4.185331 0.969090 1.358463 1.907684 1.913010 2.155770 0.951995 1.464522 2.037225 0.230886 0.587603 0.947511 1.422672 2.064995 -0.918799 0.192819 0.967527 1.318274 2.119131 -0.961910 1.072856 1.014298 1.268513 2.301001 0.112652 2.565361 1.066965 1.350726 2.601162 1.445618 3.090957 1.091846 1.500000 2.800000 1.000000 0.000000 1.078987 
0.293574 0.291256 -0.011935 -0.017747 0.781434 0.468385 0.345105 2.894072 1.231722 0.634999 0.784706 0.537092 3.142834 2.509131 0.600213 1.061564 0.818842 2.308347 2.973694 0.657028 1.241655 1.106003 1.315743 2.679917 0.727681 1.334176 1.347761 0.595692 2.177385 0.790464 1.373105 1.556343 0.238810 2.110578 0.847867 1.390910 1.796490 0.150060 2.818660 0.911963 1.407709 2.134921 0.203163 3.935281 0.987861 1.435859 2.549769 0.394995 3.988384 1.057926 1.500000 2.800000 1.000000 0.000000 1.078987 
0.293574 0.291256 -0.011935 -0.017747 0.781434 0.529158 0.539961 3.689378 4.345773 0.795503 0.892842 1.053730 3.176182 5.506188 0.867862 1.124510 1.577322 1.421100 4.744975 0.951449 1.190550 1.976345 0.036222 3.184444 1.028614 1.164195 2.217400 -0.398924 1.709043 1.087328 1.138672 2.340361 -0.009399 0.886678 1.117977 1.173136 2.422785 0.703117 0.890016 1.119861 1.271408 2.536459 1.188303 1.417806 1.106147 1.393511 2.696068 1.175162 1.616186 1.093746 1.500000 2.800000 1.000000 0.000000 1.078987 
0.293574 0.291256 -0.011935 -0.017747 0.781434 0.408351 0.542515 2.082311 4.058187 0.925570 0.667644 0.963628 2.910836 3.919366 0.964889 0.957267 1.277337 2.745451 2.276207 0.927664 1.196238 1.427241 1.966351 0.855398 0.873224 1.343980 1.485421 0.989292 0.519951 0.835347 1.400236 1.572083 0.192771 1.389278 0.843149 1.397703 1.787191 -0.154794 2.959248 0.907086 1.387378 2.154126 0.032115 4.222258 0.998611 1.416633 2.575336 0.583295 3.787294 1.067894 1.500000 2.800000 1.000000 0.000000 1.078987 
0.293574 0.291256 -0.011935 -0.017747 0.781434 0.520668 0.354754 3.901320 1.327766 0.598096 0.971044 0.555699 4.716527 2.649512 0.519780 1.406909 0.871661 3.807465 3.588796 0.554676 1.708855 1.255986 2.177449 4.009196 0.633823 1.841631 1.656843 0.515811 3.933060 0.732628 1.825581 2.029932 -0.745594 3.478015 0.838351 1.713710 2.344831 -1.375898 2.793464 0.939667 1.574415 2.585003 -1.288731 1.997089 1.023744 1.479860 2.741446 -0.485720 1.111351 1.075810 1.500000 2.800000 1.000000 0.000000 1.078987 
0.293574 0.291256 -0.011935 -0.017747 0.781434 0.429330 0.532842 2.120466 4.152020 0.892567 0.642181 1.015665 1.942649 5.121773 1.006982 0.803717 1.504475 1.305670 4.492394 1.080151 0.915642 1.897213 1.014388 3.340277 1.121145 1.021263 2.176598 1.149780 2.298104 1.132090 1.149222 2.369804 1.391244 1.635641 1.119266 1.289449 2.516195 1.338912 1.340520 1.097231 1.401356 2.643162 0.835962 1.199023 1.083296 1.454252 2.750022 0.290926 0.876868 1.084363 1.500000 2.800000 1.000000 0.000000 1.078987 
0.293574 0.291256 -0.011935 -0.017747 0.781434 0.463367 0.547132 2.996550 4.188764 0.868104 0.819979 0.990698 3.824203 4.218695 0.879405 1.177853 1.335650 3.143821 2.566058 0.848096 1.423542 1.505836 1.706268 0.946577 0.813483 1.517947 1.559425 0.229096 0.337599 0.798876 1.487421 1.617066 -0.714806 1.018005 0.827135 1.403731 1.794037 -0.808590 2.608127 0.906853 1.352887 2.136382 -0.102812 4.109658 1.006279 1.392832 2.561046 0.873205 3.945564 1.072685 1.500000 2.800000 1.000000 0.000000 1.078987 
0.293574 0.291256 -0.011935 -0.017747 0.781434 0.549307 0.477692 4.121172 3.140276 0.715779 0.974233 0.830156 3.908227 3.605217 0.705719 1.276108 1.161068 2.016913 2.923155 0.738231 1.378458 1.411632 0.123564 2.130903 0.797287 1.330035 1.603090 -0.914957 1.799825 0.878224 1.231466 1.792380 -0.889368 2.079658 0.968810 1.179089 2.032154 -0.066084 2.742338 1.045051 1.225978 2.335196 0.984674 3.225816 1.087349 1.360157 2.643211 1.560762 2.677885 1.095549 1.500000 2.800000 1.000000 0.000000 1.078987 
0.293574 0.291256 -0.011935 -0.017747 0.781434 0.360658 0.479031 1.418902 2.996156 0.925449 0.570454 0.782860 2.669750 2.750648 0.941081 0.865683 0.996146 3.073028 1.486995 0.855356 1.154268 1.094175 2.565848 0.616073 0.758678 1.359464 1.155437 1.483370 0.805598 0.704449 1.449335 1.291668 0.352179 2.067357 0.727940 1.445568 1.586621 -0.316360 3.844438 0.831883 1.411611 2.043559 -0.232735 5.098473 0.966298 1.420166 2.541468 0.464084 4.396859 1.061224 1.500000 2.800000 1.000000 0.000000 1.078987 
0.293574 0.291256 -0.011935 -0.017747 0.781434 0.357615 0.547896 1.448420 4.446786 0.992521 0.587148 1.070124 3.056927 5.582069 1.068973 0.939375 1.604299 3.801139 4.903529 1.041080 1.308697 2.027806 3.402467 3.521868 0.997679 1.589605 2.310245 2.106353 2.176110 0.968124 1.718593 2.477911 0.472462 1.266668 0.964402 1.695090 2.581587 -0.835149 0.888396 0.989790 1.581410 2.667640 -1.257846 0.863648 1.035679 1.481714 2.752427 -0.552239 0.775339 1.076957 1.500000 2.800000 1.000000 0.000000 1.078987 
0.293574 0.291256 -0.011935 -0.017747 0.781434 0.499029 0.411867 3.596674 1.989363 0.690000 0.927668 0.628708 4.638477 2.165179 0.595623 1.374290 0.827084 4.099315 1.789650 0.541761 1.719956 0.994636 2.726571 1.639189 0.524305 1.910554 1.173870 1.077602 2.044232 0.550950 1.940231 1.420434 -0.431805 2.946782 0.631943 1.839651 1.767151 -1.478986 3.957965 0.765300 1.669104 2.193814 -1.785954 4.415581 0.920405 1.516467 2.602726 -1.070951 3.441658 1.043235 1.500000 2.800000 1.000000 0.000000 1.078987 
0.293574 0.291256 -0.011935 -0.017747 0.781434 0.497990 0.357301 3.623561 1.463595 0.622365 0.929681 0.579786 4.616170 2.864722 0.557620 1.355747 0.897432 3.652870 3.312994 0.584728 1.626318 1.212489 1.672988 2.882020 0.640642 1.689500 1.464486 -0.337540 2.174269 0.714176 1.585754 1.662254 -1.551880 1.903688 0.808947 1.421698 1.874201 -1.508029 2.478313 0.921838 1.323332 2.176849 -0.314543 3.582881 1.024580 1.368707 2.561641 1.143746 3.761448 1.080080 1.500000 2.800000 1.000000 0.000000 1.078987 
0.293574 0.291256 -0.011935 -0.017747 0.781434 0.525292 0.391052 3.851188 1.863074 0.639937 0.951219 0.627136 4.297288 2.667254 0.582883 1.338874 0.890803 3.336687 2.475717 0.587081 1.608973 1.106907 2.066970 1.828186 0.602599 1.757360 1.264582 0.937200 1.420007 0.623754 1.803370 1.417647 0.012138 1.798976 0.666214 1.764607 1.654689 -0.763533 3.062157 0.753263 1.658150 2.038832 -1.300995 4.552711 0.888008 1.528174 2.517191 -1.103069 4.556717 1.025176 1.500000 2.800000 1.000000 0.000000 1.078987 
0.293574 0.291256 -0.011935 -0.017747 0.781434 0.420095 0.578462 2.173439 4.836171 0.942685 0.679122 1.120168 2.855985 5.512954 1.025781 0.972650 1.617590 2.959049 4.261441 1.029424 1.262552 1.959449 2.798865 2.598383 0.998410 1.522463 2.153397 2.336445 1.401009 0.955384 1.714857 2.266688 1.429485 0.999597 0.923118 1.793306 2.376114 0.084252 1.270050 0.924280 1.729932 2.527195 -1.292519 1.726468 0.970531 1.568050 2.702631 -1.641724 1.613715 1.045068 1.500000 2.800000 1.000000 0.000000 1.078987 
0.293574 0.291256 -0.011935 -0.017747 0.781434 0.454893 0.376375 2.972972 1.705175 0.691222 0.838807 0.618593 4.475979 3.034436 0.635432 1.307626 0.959477 4.705470 3.662246 0.633022 1.744701 1.329295 3.880725 3.644611 0.651076 2.057593 1.675663 2.273794 3.246727 0.683448 2.185458 1.976736 0.251392 2.788393 0.735293 2.110600 2.238936 -1.683221 2.489406 0.814895 1.874219 2.479223 -2.848358 2.314970 0.923485 1.596353 2.691908 -2.342017 1.821094 1.035526 1.500000 2.800000 1.000000 0.000000 1.078987 
0.293574 0.291256 -0.011935 -0.017747 0.781434 0.407800 0.528173 2.257375 3.844187 0.913303 0.722825 0.928649 3.878885 3.734533 0.909389 1.145206 1.225954 4.364358 2.124406 0.819439 1.556267 1.360018 3.678189 0.683763 0.718205 1.851607 1.399666 2.122338 0.328339 0.647279 1.969108 1.469542 0.221292 1.266597 0.641128 1.905433 1.681727 -1.392998 3.046668 0.723116 1.721016 2.072057 -2.096173 4.603302 0.877683 1.533557 2.541127 -1.386514 4.304807 1.027811 1.500000 2.800000 1.000000 0.000000 1.078987 
0.293574 0.291256 -0.011935 -0.017747 0.781434 0.459831 0.313235 2.736747 0.689035 0.597994 0.761900 0.442927 3.072953 1.858592 0.526590 1.049847 0.664514 2.640855 2.447542 0.564305 1.288859 0.910266 2.151977 2.389713 0.614913 1.481971 1.136860 1.705203 2.168027 0.654373 1.624814 1.358882 1.106784 2.386409 0.696505 1.692342 1.639521 0.190348 3.341667 0.769546 1.657575 2.038457 -0.863095 4.595402 0.888087 1.542339 2.516928 -1.205144 4.545893 1.021028 1.500000 2.800000 1.000000 0.000000 1.078987 
0.293574 0.291256 -0.011935 -0.017747 0.781434 0.370860 0.323356 1.231799 0.538124 0.717076 0.501770 0.392437 1.300647 0.875970 0.663733 0.627010 0.511543 1.227778 1.585320 0.684328 0.755221 0.723656 1.377117 2.707506 0.764058 0.907568 1.056525 1.673529 3.928716 0.861094 1.085338 1.496802 1.832994 4.773033 0.943420 1.260564 1.983487 1.592783 4.795481 1.004661 1.389662 2.420673 0.941645 3.775079 1.049653 1.450085 2.709598 0.349975 1.907874 1.079413 1.500000 2.800000 1.000000 0.000000 1.078987 
0.293574 0.291256 -0.011935 -0.017747 0.781434 0.538975 0.520684 4.136275 3.873961 0.768139 1.004092 0.961644 4.754186 4.600390 0.763808 1.434160 1.398239 3.679788 4.024368 0.772717 1.722742 1.759125 2.068835 3.206239 0.795847 1.851658 2.046893 0.557949 2.596405 0.835435 1.847235 2.286699 -0.572255 2.227870 0.891307 1.752853 2.494151 -1.234062 1.908777 0.958203 1.617818 2.662452 -1.369540 1.414945 1.024776 1.502536 2.768792 -0.787424 0.682418 1.073599 1.500000 2.800000 1.000000 0.000000 1.078987 
0.293574 0.291256 -0.011935 -0.017747 0.781434 0.568507 0.530066 4.461183 3.828962 0.750421 1.040197 0.928317 4.512798 3.760210 0.728624 1.418485 1.245967 2.944942 2.563834 0.720740 1.627617 1.454143 1.299082 1.725988 0.729167 1.696801 1.620162 0.188354 1.734948 0.762297 1.683986 1.822933 -0.370201 2.384923 0.824998 1.632864 2.098742 -0.623401 3.079861 0.909602 1.563092 2.417413 -0.749686 3.137258 0.996817 1.493748 2.688858 -0.526891 2.091965 1.063715 1.500000 2.800000 1.000000 0.000000 1.078987 
0.293574 0.291256 -0.011935 -0.017747 0.781434 0.299717 0.323291 0.451747 0.699628 0.823219 0.414410 0.439817 1.863262 1.668968 0.815132 0.659249 0.661971 2.907339 2.780611 0.787458 0.965321 0.992806 3.053797 3.796820 0.799434 1.241131 1.408764 2.345977 4.437342 0.848574 1.419383 1.859702 1.189194 4.464969 0.918881 1.482596 2.277469 0.139164 3.771088 0.993730 1.467563 2.593054 -0.309557 2.461247 1.055783 1.448661 2.762268 0.064870 0.940706 1.087784 1.500000 2.800000 1.000000 0.000000 1.078987 
0.293574 0.291256 -0.011935 -0.017747 0.781434 0.399765 0.356531 1.922956 1.102470 0.728294 0.638923 0.483743 2.684950 1.370297 0.648044 0.906913 0.626534 2.554115 1.505536 0.604554 1.131744 0.793822 1.883718 1.900270 0.611675 1.278010 1.018935 1.042541 2.657030 0.673082 1.345557 1.332570 0.357194 3.626959 0.780549 1.362377 1.739558 0.054434 4.447979 0.906399 1.371743 2.199450 0.203474 4.582958 1.013150 1.413568 2.610924 0.658304 3.357878 1.074576 1.500000 2.800000 1.000000 0.000000 1.078987 
0.293574 0.291256 -0.011935 -0.017747 0.781434 0.560003 0.452730 4.381867 2.719668 0.679867 1.026747 0.753283 4.453320 2.995857 0.632961 1.386450 1.013856 2.574293 2.123131 0.631399 1.532411 1.176178 0.397826 1.187421 0.654629 1.490250 1.274867 -1.070806 0.942970 0.707662 1.356692 1.398991 -1.403014 1.707011 0.800747 1.245444 1.643103 -0.675829 3.254459 0.922206 1.240191 2.047743 0.599171 4.712595 1.026242 1.354695 2.529409 1.546933 4.455751 1.079093 1.500000 2.800000 1.000000 0.000000 1.078987 
0.293574 0.291256 -0.011935 -0.017747 0.781434 0.397722 0.470909 2.047985 3.263674 0.869455 0.684175 0.875552 3.548558 4.511255 0.907487 1.076403 1.318991 4.127487 4.144900 0.886327 1.475896 1.675767 3.701174 2.918550 0.848731 1.788154 1.902298 2.427144 1.674898 0.816318 1.944920 2.033489 0.666490 1.100124 0.807657 1.922658 2.154817 -1.053712 1.478618 0.842274 1.757275 2.349890 -2.077969 2.447704 0.928697 1.555081 2.623475 -1.659937 2.752371 1.035720 1.500000 2.800000 1.000000 0.000000 1.078987 
0.293574 0.291256 -0.011935 -0.017747 0.781434 0.423241 0.325354 2.371853 0.782983 0.655375 0.725667 0.457566 3.486793 1.879123 0.562577 1.086842 0.699744 3.588974 2.935761 0.572027 1.418193 1.035680 2.933548 3.724330 0.630761 1.657234 1.431059 1.789558 4.109012 0.712292 1.769697 1.842057 0.454783 4.033143 0.805430 1.753145 2.222574 -0.729427 3.505620 0.902928 1.642074 2.530112 -1.363314 2.587303 0.995116 1.514495 2.730289 -0.973869 1.377426 1.064351 1.500000 2.800000 1.000000 0.000000 1.078987 
0.293574 0.291256 -0.011935 -0.017747 0.781434 0.478474 0.532377 3.065659 3.772902 0.838672 0.817270 0.907790 3.425158 3.356678 0.837824 1.129624 1.172562 2.741273 1.953241 0.804047 1.360284 1.321506 1.881355 1.201956 0.770939 1.510471 1.450382 1.147973 1.546504 0.765107 1.593530 1.655562 0.521502 2.619505 0.804488 1.614846 1.972150 -0.097299 3.627136 0.884682 1.576000 2.350574 -0.644696 3.733757 0.980162 1.503209 2.671631 -0.651405 2.446520 1.058289 1.500000 2.800000 1.000000 0.000000 1.078987 
0.293574 0.291256 -0.011935 -0.017747 0.781434 0.504050 0.488790 3.661505 3.080467 0.770029 0.938462 0.789275 4.695143 2.592064 0.699264 1.393262 0.978064 4.220982 1.191520 0.612064 1.757145 1.049418 2.972227 0.414638 0.538380 1.977302 1.102285 1.406199 0.851469 0.508560 2.037987 1.255366 -0.172736 2.339250 0.552089 1.951366 1.581486 -1.490245 4.155325 0.681081 1.760654 2.061247 -2.179105 5.210085 0.863887 1.555558 2.555983 -1.656280 4.239890 1.024081 1.500000 2.800000 1.000000 0.000000 1.078987 
0.293574 0.291256 -0.011935 -0.017747 0.781434 0.529189 0.554985 3.912474 4.304105 0.809186 0.959988 1.007799 4.317386 4.269281 0.809690 1.344356 1.351645 3.243745 2.491502 0.788102 1.598971 1.508920 1.855727 0.772549 0.756431 1.722904 1.543211 0.676266 0.140796 0.730436 1.745272 1.583876 -0.177413 0.889745 0.736956 1.696443 1.754486 -0.758264 2.616558 0.802216 1.602792 2.105117 -1.053896 4.260597 0.920052 1.505017 2.548495 -0.751035 4.141957 1.037353 1.500000 2.800000 1.000000 0.000000 1.078987 
0.293574 0.291256 -0.011935 -0.017747 0.781434 0.364838 0.332091 1.484618 0.850647 0.738445 0.577648 0.453170 2.630554 1.497057 0.665223 0.856348 0.616149 2.763354 1.698249 0.623699 1.098852 0.785708 1.967046 1.692372 0.620740 1.236329 0.962035 0.772802 1.906020 0.661268 1.262947 1.186030 -0.140453 2.681305 0.754001 1.235682 1.517208 -0.245437 4.002925 0.887310 1.244177 1.984309 0.534083 5.225232 1.010755 1.350675 2.508620 1.523909 4.799301 1.076892 1.500000 2.800000 1.000000 0.000000 1.078987 
0.293574 0.291256 -0.011935 -0.017747 0.781434 0.294580 0.447184 0.161915 2.476648 0.988298 0.337911 0.701327 0.711617 2.374084 1.121801 0.432175 0.903693 1.131968 1.690087 1.124714 0.555397 1.055783 1.292872 1.474055 1.086525 0.685433 1.224490 1.297320 2.019419 1.060483 0.816172 1.477007 1.339381 3.073804 1.065971 0.959548 1.836757 1.562186 4.049191 1.089378 1.133345 2.260335 1.915913 4.232086 1.106025 1.334799 2.635469 2.015774 2.993676 1.101982 1.500000 2.800000 1.000000 0.000000 1.078987 
0.293574 0.291256 -0.011935 -0.017747 0.781434 0.422367 0.471874 2.111337 2.944569 0.840703 0.653962 0.781617 2.344384 2.929799 0.874088 0.873776 1.022110 2.027989 1.823329 0.863479 1.061119 1.153401 1.741447 0.910934 0.827045 1.225717 1.234803 1.555971 0.894794 0.789091 1.369568 1.367334 1.288095 1.909500 0.784582 1.474151 1.637760 0.753073 3.538074 0.837925 1.512962 2.064237 0.018286 4.827987 0.938303 1.489403 2.543559 -0.343352 4.307161 1.041063 1.500000 2.800000 1.000000 0.000000 1.078987 
0.293574 0.291256 -0.011935 -0.017747 0.781434 0.520188 0.426640 3.898584 2.153087 0.686917 0.967473 0.648254 4.630322 2.081468 0.590340 1.383827 0.828172 3.483283 1.538877 0.539290 1.639105 0.972023 1.577751 1.453775 0.535272 1.704002 1.143353 -0.198520 2.084923 0.590984 1.624165 1.405321 -1.243108 3.194698 0.713285 1.489014 1.779724 -1.291730 4.222410 0.874101 1.395289 2.223360 -0.471051 4.457624 1.010359 1.405318 2.621718 0.648516 3.213478 1.078742 1.500000 2.800000 1.000000 0.000000 1.078987 
]
Example FAILED: CUDSS call ended unsuccessfully with status = 2, details: "cudssExecute for analysis"
